The target system is: Generic -  - 
The host system is: Linux - 5.15.0-160-generic - x86_64
Compiling the C compiler identification source file "CMakeCCompilerId.c" succeeded.
Compiler: /home/rpeters/.espressif/tools/riscv32-esp-elf/esp-15.2.0_20250929/riscv32-esp-elf/bin/riscv32-esp-elf-gcc 
Build flags: -march=rv32imafc_zicsr_zifencei_zaamo_zalrsc_zcb_zcmp_zcmt_xesploop_xespv;;-mabi=ilp32f;-mno-cm-popret;-mno-cm-push-reverse;-mtune=esp-base
Id flags:  

The output was:
0
/home/rpeters/.espressif/tools/riscv32-esp-elf/esp-15.2.0_20250929/riscv32-esp-elf/bin/../lib/gcc/riscv32-esp-elf/15.2.0/../../../../riscv32-esp-elf/bin/ld: /home/rpeters/.espressif/tools/riscv32-esp-elf/esp-15.2.0_20250929/riscv32-esp-elf/bin/../lib/gcc/riscv32-esp-elf/15.2.0/../../../../riscv32-esp-elf/lib/rv32imafc_zicsr_zifencei_zaamo_zalrsc/ilp32f/libc.a(libc_a-closer.o): in function `_close_r':
/builds/idf/crosstool-NG/.build/riscv32-esp-elf/src/newlib/newlib/libc/reent/closer.c:47:(.text._close_r+0x14): warning: _close is not implemented and will always fail
/home/rpeters/.espressif/tools/riscv32-esp-elf/esp-15.2.0_20250929/riscv32-esp-elf/bin/../lib/gcc/riscv32-esp-elf/15.2.0/../../../../riscv32-esp-elf/bin/ld: /home/rpeters/.espressif/tools/riscv32-esp-elf/esp-15.2.0_20250929/riscv32-esp-elf/bin/../lib/gcc/riscv32-esp-elf/15.2.0/../../../../riscv32-esp-elf/lib/rv32imafc_zicsr_zifencei_zaamo_zalrsc/ilp32f/libc.a(libc_a-lseekr.o): in function `_lseek_r':
/builds/idf/crosstool-NG/.build/riscv32-esp-elf/src/newlib/newlib/libc/reent/lseekr.c:49:(.text._lseek_r+0x18): warning: _lseek is not implemented and will always fail
/home/rpeters/.espressif/tools/riscv32-esp-elf/esp-15.2.0_20250929/riscv32-esp-elf/bin/../lib/gcc/riscv32-esp-elf/15.2.0/../../../../riscv32-esp-elf/bin/ld: /home/rpeters/.espressif/tools/riscv32-esp-elf/esp-15.2.0_20250929/riscv32-esp-elf/bin/../lib/gcc/riscv32-esp-elf/15.2.0/../../../../riscv32-esp-elf/lib/rv32imafc_zicsr_zifencei_zaamo_zalrsc/ilp32f/libc.a(libc_a-readr.o): in function `_read_r':
/builds/idf/crosstool-NG/.build/riscv32-esp-elf/src/newlib/newlib/libc/reent/readr.c:49:(.text._read_r+0x18): warning: _read is not implemented and will always fail
/home/rpeters/.espressif/tools/riscv32-esp-elf/esp-15.2.0_20250929/riscv32-esp-elf/bin/../lib/gcc/riscv32-esp-elf/15.2.0/../../../../riscv32-esp-elf/bin/ld: /home/rpeters/.espressif/tools/riscv32-esp-elf/esp-15.2.0_20250929/riscv32-esp-elf/bin/../lib/gcc/riscv32-esp-elf/15.2.0/../../../../riscv32-esp-elf/lib/rv32imafc_zicsr_zifencei_zaamo_zalrsc/ilp32f/libc.a(libc_a-writer.o): in function `_write_r':
/builds/idf/crosstool-NG/.build/riscv32-esp-elf/src/newlib/newlib/libc/reent/writer.c:49:(.text._write_r+0x18): warning: _write is not implemented and will always fail
/home/rpeters/.espressif/tools/riscv32-esp-elf/esp-15.2.0_20250929/riscv32-esp-elf/bin/../lib/gcc/riscv32-esp-elf/15.2.0/../../../../riscv32-esp-elf/bin/ld: /home/rpeters/.espressif/tools/riscv32-esp-elf/esp-15.2.0_20250929/riscv32-esp-elf/bin/../lib/gcc/riscv32-esp-elf/15.2.0/../../../../riscv32-esp-elf/lib/rv32imafc_zicsr_zifencei_zaamo_zalrsc/ilp32f/libc.a(libc_a-fclose.o): in function `fclose':
/builds/idf/crosstool-NG/.build/riscv32-esp-elf/src/newlib/newlib/libc/stdio/fclose.c:125:(.text.fclose+0x6): warning: __getreent is not implemented and will always fail


Compilation of the C compiler identification source "CMakeCCompilerId.c" produced "a.out"

The C compiler identification is GNU, found in "/home/rpeters/Dokumente/Development/Projects/SDK-IDF/esp-idf-pico-p4/CMakeFiles/3.25.1/CompilerIdC/a.out"

Compiling the CXX compiler identification source file "CMakeCXXCompilerId.cpp" succeeded.
Compiler: /home/rpeters/.espressif/tools/riscv32-esp-elf/esp-15.2.0_20250929/riscv32-esp-elf/bin/riscv32-esp-elf-g++ 
Build flags: -march=rv32imafc_zicsr_zifencei_zaamo_zalrsc_zcb_zcmp_zcmt_xesploop_xespv;;-mabi=ilp32f;-mno-cm-popret;-mno-cm-push-reverse;-mtune=esp-base
Id flags:  

The output was:
0
/home/rpeters/.espressif/tools/riscv32-esp-elf/esp-15.2.0_20250929/riscv32-esp-elf/bin/../lib/gcc/riscv32-esp-elf/15.2.0/../../../../riscv32-esp-elf/bin/ld: /home/rpeters/.espressif/tools/riscv32-esp-elf/esp-15.2.0_20250929/riscv32-esp-elf/bin/../lib/gcc/riscv32-esp-elf/15.2.0/../../../../riscv32-esp-elf/lib/rv32imafc_zicsr_zifencei_zaamo_zalrsc/ilp32f/libc.a(libc_a-closer.o): in function `_close_r':
/builds/idf/crosstool-NG/.build/riscv32-esp-elf/src/newlib/newlib/libc/reent/closer.c:47:(.text._close_r+0x14): warning: _close is not implemented and will always fail
/home/rpeters/.espressif/tools/riscv32-esp-elf/esp-15.2.0_20250929/riscv32-esp-elf/bin/../lib/gcc/riscv32-esp-elf/15.2.0/../../../../riscv32-esp-elf/bin/ld: /home/rpeters/.espressif/tools/riscv32-esp-elf/esp-15.2.0_20250929/riscv32-esp-elf/bin/../lib/gcc/riscv32-esp-elf/15.2.0/../../../../riscv32-esp-elf/lib/rv32imafc_zicsr_zifencei_zaamo_zalrsc/ilp32f/libc.a(libc_a-lseekr.o): in function `_lseek_r':
/builds/idf/crosstool-NG/.build/riscv32-esp-elf/src/newlib/newlib/libc/reent/lseekr.c:49:(.text._lseek_r+0x18): warning: _lseek is not implemented and will always fail
/home/rpeters/.espressif/tools/riscv32-esp-elf/esp-15.2.0_20250929/riscv32-esp-elf/bin/../lib/gcc/riscv32-esp-elf/15.2.0/../../../../riscv32-esp-elf/bin/ld: /home/rpeters/.espressif/tools/riscv32-esp-elf/esp-15.2.0_20250929/riscv32-esp-elf/bin/../lib/gcc/riscv32-esp-elf/15.2.0/../../../../riscv32-esp-elf/lib/rv32imafc_zicsr_zifencei_zaamo_zalrsc/ilp32f/libc.a(libc_a-readr.o): in function `_read_r':
/builds/idf/crosstool-NG/.build/riscv32-esp-elf/src/newlib/newlib/libc/reent/readr.c:49:(.text._read_r+0x18): warning: _read is not implemented and will always fail
/home/rpeters/.espressif/tools/riscv32-esp-elf/esp-15.2.0_20250929/riscv32-esp-elf/bin/../lib/gcc/riscv32-esp-elf/15.2.0/../../../../riscv32-esp-elf/bin/ld: /home/rpeters/.espressif/tools/riscv32-esp-elf/esp-15.2.0_20250929/riscv32-esp-elf/bin/../lib/gcc/riscv32-esp-elf/15.2.0/../../../../riscv32-esp-elf/lib/rv32imafc_zicsr_zifencei_zaamo_zalrsc/ilp32f/libc.a(libc_a-writer.o): in function `_write_r':
/builds/idf/crosstool-NG/.build/riscv32-esp-elf/src/newlib/newlib/libc/reent/writer.c:49:(.text._write_r+0x18): warning: _write is not implemented and will always fail
/home/rpeters/.espressif/tools/riscv32-esp-elf/esp-15.2.0_20250929/riscv32-esp-elf/bin/../lib/gcc/riscv32-esp-elf/15.2.0/../../../../riscv32-esp-elf/bin/ld: /home/rpeters/.espressif/tools/riscv32-esp-elf/esp-15.2.0_20250929/riscv32-esp-elf/bin/../lib/gcc/riscv32-esp-elf/15.2.0/../../../../riscv32-esp-elf/lib/rv32imafc_zicsr_zifencei_zaamo_zalrsc/ilp32f/libc.a(libc_a-fclose.o): in function `fclose':
/builds/idf/crosstool-NG/.build/riscv32-esp-elf/src/newlib/newlib/libc/stdio/fclose.c:125:(.text.fclose+0x6): warning: __getreent is not implemented and will always fail


Compilation of the CXX compiler identification source "CMakeCXXCompilerId.cpp" produced "a.out"

The CXX compiler identification is GNU, found in "/home/rpeters/Dokumente/Development/Projects/SDK-IDF/esp-idf-pico-p4/CMakeFiles/3.25.1/CompilerIdCXX/a.out"

Checking whether the ASM compiler is GNU using "--version" matched "(GNU assembler)|(GCC)|(Free Software Foundation)":
riscv32-esp-elf-gcc (crosstool-NG esp-15.2.0_20250929) 15.2.0
Copyright (C) 2025 Free Software Foundation, Inc.
This is free software; see the source for copying conditions.  There is NO
warranty; not even for MERCHANTABILITY or FITNESS FOR A PARTICULAR PURPOSE.

Detecting C compiler ABI info compiled with the following output:
Change Dir: /home/rpeters/Dokumente/Development/Projects/SDK-IDF/esp-idf-pico-p4/CMakeFiles/CMakeScratch/TryCompile-XqTzx0

Run Build Command(s):/usr/bin/gmake -f Makefile cmTC_2074a/fast && /usr/bin/gmake  -f CMakeFiles/cmTC_2074a.dir/build.make CMakeFiles/cmTC_2074a.dir/build
gmake[1]: Entering directory '/home/rpeters/Dokumente/Development/Projects/SDK-IDF/esp-idf-pico-p4/CMakeFiles/CMakeScratch/TryCompile-XqTzx0'
Building C object CMakeFiles/cmTC_2074a.dir/CMakeCCompilerABI.c.obj
/home/rpeters/.espressif/tools/riscv32-esp-elf/esp-15.2.0_20250929/riscv32-esp-elf/bin/riscv32-esp-elf-gcc   -march=rv32imafc_zicsr_zifencei_zaamo_zalrsc_zcb_zcmp_zcmt_xesploop_xespv  -mabi=ilp32f -mno-cm-popret -mno-cm-push-reverse -mtune=esp-base    -v -o CMakeFiles/cmTC_2074a.dir/CMakeCCompilerABI.c.obj -c /usr/share/cmake-3.25/Modules/CMakeCCompilerABI.c
Using built-in specs.
COLLECT_GCC=/home/rpeters/.espressif/tools/riscv32-esp-elf/esp-15.2.0_20250929/riscv32-esp-elf/bin/riscv32-esp-elf-gcc
Target: riscv32-esp-elf
Configured with: /builds/idf/crosstool-NG/.build/riscv32-esp-elf/src/gcc/configure --build=x86_64-build_pc-linux-gnu --host=x86_64-build_pc-linux-gnu --target=riscv32-esp-elf --prefix=/builds/idf/crosstool-NG/builds/riscv32-esp-elf --exec_prefix=/builds/idf/crosstool-NG/builds/riscv32-esp-elf --with-local-prefix=/builds/idf/crosstool-NG/builds/riscv32-esp-elf/riscv32-esp-elf --with-sysroot=/builds/idf/crosstool-NG/builds/riscv32-esp-elf/riscv32-esp-elf --with-native-system-header-dir=/include --with-headers=/builds/idf/crosstool-NG/builds/riscv32-esp-elf/riscv32-esp-elf/include --with-newlib --enable-threads=no --disable-shared --with-arch=rv32gc --with-abi=ilp32 --with-pkgversion='crosstool-NG esp-15.2.0_20250929' --disable-__cxa_atexit --enable-cxx-flags='-ffunction-sections -fdata-sections' --disable-libgomp --disable-libmudflap --disable-libmpx --disable-libssp --disable-libquadmath --disable-libquadmath-support --disable-libstdcxx-verbose --with-gmp=/builds/idf/crosstool-NG/.build/riscv32-esp-elf/buildtools --with-mpfr=/builds/idf/crosstool-NG/.build/riscv32-esp-elf/buildtools --with-mpc=/builds/idf/crosstool-NG/.build/riscv32-esp-elf/buildtools --with-isl=/builds/idf/crosstool-NG/.build/riscv32-esp-elf/buildtools --enable-lto --enable-target-optspace --without-long-double-128 --disable-plugin --disable-nls --enable-multiarch --enable-languages=c,c++ --disable-libstdcxx-verbose --enable-threads=posix --enable-libstdcxx-time=yes
Thread model: posix
Supported LTO compression algorithms: zlib zstd
gcc version 15.2.0 (crosstool-NG esp-15.2.0_20250929) 
COLLECT_GCC_OPTIONS='-march=rv32imafc_zicsr_zifencei_zaamo_zalrsc_zcb_zcmp_zcmt_xesploop_xespv' '-mabi=ilp32f' '-mno-cm-popret' '-mno-cm-push-reverse' '-mtune=esp-base' '-v' '-o' 'CMakeFiles/cmTC_2074a.dir/CMakeCCompilerABI.c.obj' '-c' '-misa-spec=20191213' '-march=rv32imafc_zicsr_zifencei_zmmul_zaamo_zalrsc_zca_zcb_zcf_zcmp_zcmt_xesploop_xespv' '-dumpdir' 'CMakeFiles/cmTC_2074a.dir/'
 /home/rpeters/.espressif/tools/riscv32-esp-elf/esp-15.2.0_20250929/riscv32-esp-elf/bin/../libexec/gcc/riscv32-esp-elf/15.2.0/cc1 -quiet -v -imultilib rv32imafc_zicsr_zifencei_zaamo_zalrsc/ilp32f -iprefix /home/rpeters/.espressif/tools/riscv32-esp-elf/esp-15.2.0_20250929/riscv32-esp-elf/bin/../lib/gcc/riscv32-esp-elf/15.2.0/ -isysroot /home/rpeters/.espressif/tools/riscv32-esp-elf/esp-15.2.0_20250929/riscv32-esp-elf/bin/../riscv32-esp-elf /usr/share/cmake-3.25/Modules/CMakeCCompilerABI.c -quiet -dumpdir CMakeFiles/cmTC_2074a.dir/ -dumpbase CMakeCCompilerABI.c.c -dumpbase-ext .c -march=rv32imafc_zicsr_zifencei_zaamo_zalrsc_zcb_zcmp_zcmt_xesploop_xespv -mabi=ilp32f -mno-cm-popret -mno-cm-push-reverse -mtune=esp-base -misa-spec=20191213 -march=rv32imafc_zicsr_zifencei_zmmul_zaamo_zalrsc_zca_zcb_zcf_zcmp_zcmt_xesploop_xespv -version -o /tmp/cclqXgw0.s
GNU C23 (crosstool-NG esp-15.2.0_20250929) version 15.2.0 (riscv32-esp-elf)
	compiled by GNU C version 6.3.0, GMP version 6.3.0, MPFR version 4.2.1, MPC version 1.3.1, isl version isl-0.26-GMP

GGC heuristics: --param ggc-min-expand=100 --param ggc-min-heapsize=131072
ignoring duplicate directory "/home/rpeters/.espressif/tools/riscv32-esp-elf/esp-15.2.0_20250929/riscv32-esp-elf/bin/../lib/gcc/../../lib/gcc/riscv32-esp-elf/15.2.0/include"
ignoring nonexistent directory "/home/rpeters/.espressif/tools/riscv32-esp-elf/esp-15.2.0_20250929/riscv32-esp-elf/bin/../riscv32-esp-elf/builds/idf/crosstool-NG/builds/riscv32-esp-elf/riscv32-esp-elf/include"
ignoring duplicate directory "/home/rpeters/.espressif/tools/riscv32-esp-elf/esp-15.2.0_20250929/riscv32-esp-elf/bin/../lib/gcc/../../lib/gcc/riscv32-esp-elf/15.2.0/include-fixed"
ignoring duplicate directory "/home/rpeters/.espressif/tools/riscv32-esp-elf/esp-15.2.0_20250929/riscv32-esp-elf/bin/../lib/gcc/../../lib/gcc/riscv32-esp-elf/15.2.0/../../../../riscv32-esp-elf/include"
ignoring duplicate directory "/home/rpeters/.espressif/tools/riscv32-esp-elf/esp-15.2.0_20250929/riscv32-esp-elf/bin/../riscv32-esp-elf/include"
#include "..." search starts here:
#include <...> search starts here:
 /home/rpeters/.espressif/tools/riscv32-esp-elf/esp-15.2.0_20250929/riscv32-esp-elf/bin/../lib/gcc/riscv32-esp-elf/15.2.0/include
 /home/rpeters/.espressif/tools/riscv32-esp-elf/esp-15.2.0_20250929/riscv32-esp-elf/bin/../lib/gcc/riscv32-esp-elf/15.2.0/include-fixed
 /home/rpeters/.espressif/tools/riscv32-esp-elf/esp-15.2.0_20250929/riscv32-esp-elf/bin/../lib/gcc/riscv32-esp-elf/15.2.0/../../../../riscv32-esp-elf/include
End of search list.
Compiler executable checksum: a548da1dd134a800f305af4896e0a81b
COLLECT_GCC_OPTIONS='-march=rv32imafc_zicsr_zifencei_zaamo_zalrsc_zcb_zcmp_zcmt_xesploop_xespv' '-mabi=ilp32f' '-mno-cm-popret' '-mno-cm-push-reverse' '-mtune=esp-base' '-v' '-o' 'CMakeFiles/cmTC_2074a.dir/CMakeCCompilerABI.c.obj' '-c' '-misa-spec=20191213' '-march=rv32imafc_zicsr_zifencei_zmmul_zaamo_zalrsc_zca_zcb_zcf_zcmp_zcmt_xesploop_xespv' '-dumpdir' 'CMakeFiles/cmTC_2074a.dir/'
 /home/rpeters/.espressif/tools/riscv32-esp-elf/esp-15.2.0_20250929/riscv32-esp-elf/bin/../lib/gcc/riscv32-esp-elf/15.2.0/../../../../riscv32-esp-elf/bin/as -v --traditional-format -march=rv32imafc_zicsr_zifencei_zaamo_zalrsc_zcb_zcmp_zcmt_xesploop_xespv -march=rv32imafc_zicsr_zifencei_zmmul_zaamo_zalrsc_zca_zcb_zcf_zcmp_zcmt_xesploop_xespv -mabi=ilp32f -misa-spec=20191213 -o CMakeFiles/cmTC_2074a.dir/CMakeCCompilerABI.c.obj /tmp/cclqXgw0.s
GNU assembler version 2.45 (riscv32-esp-elf) using BFD version (crosstool-NG esp-15.2.0_20250929) 2.45
COMPILER_PATH=/home/rpeters/.espressif/tools/riscv32-esp-elf/esp-15.2.0_20250929/riscv32-esp-elf/bin/../libexec/gcc/riscv32-esp-elf/15.2.0/:/home/rpeters/.espressif/tools/riscv32-esp-elf/esp-15.2.0_20250929/riscv32-esp-elf/bin/../libexec/gcc/:/home/rpeters/.espressif/tools/riscv32-esp-elf/esp-15.2.0_20250929/riscv32-esp-elf/bin/../lib/gcc/riscv32-esp-elf/15.2.0/../../../../riscv32-esp-elf/bin/
LIBRARY_PATH=/home/rpeters/.espressif/tools/riscv32-esp-elf/esp-15.2.0_20250929/riscv32-esp-elf/bin/../lib/gcc/riscv32-esp-elf/15.2.0/rv32imafc_zicsr_zifencei_zaamo_zalrsc/ilp32f/:/home/rpeters/.espressif/tools/riscv32-esp-elf/esp-15.2.0_20250929/riscv32-esp-elf/bin/../lib/gcc/riscv32-esp-elf/15.2.0/../../../../riscv32-esp-elf/lib/rv32imafc_zicsr_zifencei_zaamo_zalrsc/ilp32f/:/home/rpeters/.espressif/tools/riscv32-esp-elf/esp-15.2.0_20250929/riscv32-esp-elf/bin/../riscv32-esp-elf/lib/rv32imafc_zicsr_zifencei_zaamo_zalrsc/ilp32f/:/home/rpeters/.espressif/tools/riscv32-esp-elf/esp-15.2.0_20250929/riscv32-esp-elf/bin/../lib/gcc/riscv32-esp-elf/15.2.0/:/home/rpeters/.espressif/tools/riscv32-esp-elf/esp-15.2.0_20250929/riscv32-esp-elf/bin/../lib/gcc/:/home/rpeters/.espressif/tools/riscv32-esp-elf/esp-15.2.0_20250929/riscv32-esp-elf/bin/../lib/gcc/riscv32-esp-elf/15.2.0/../../../../riscv32-esp-elf/lib/:/home/rpeters/.espressif/tools/riscv32-esp-elf/esp-15.2.0_20250929/riscv32-esp-elf/bin/../riscv32-esp-elf/lib/:/home/rpeters/.espressif/tools/riscv32-esp-elf/esp-15.2.0_20250929/riscv32-esp-elf/bin/../riscv32-esp-elf/usr/lib/
COLLECT_GCC_OPTIONS='-march=rv32imafc_zicsr_zifencei_zaamo_zalrsc_zcb_zcmp_zcmt_xesploop_xespv' '-mabi=ilp32f' '-mno-cm-popret' '-mno-cm-push-reverse' '-mtune=esp-base' '-v' '-o' 'CMakeFiles/cmTC_2074a.dir/CMakeCCompilerABI.c.obj' '-c' '-misa-spec=20191213' '-march=rv32imafc_zicsr_zifencei_zmmul_zaamo_zalrsc_zca_zcb_zcf_zcmp_zcmt_xesploop_xespv' '-dumpdir' 'CMakeFiles/cmTC_2074a.dir/CMakeCCompilerABI.c.'
Linking C executable cmTC_2074a
/usr/bin/cmake -E cmake_link_script CMakeFiles/cmTC_2074a.dir/link.txt --verbose=1
/home/rpeters/.espressif/tools/riscv32-esp-elf/esp-15.2.0_20250929/riscv32-esp-elf/bin/riscv32-esp-elf-gcc -march=rv32imafc_zicsr_zifencei_zaamo_zalrsc_zcb_zcmp_zcmt_xesploop_xespv  -mabi=ilp32f -mno-cm-popret -mno-cm-push-reverse -mtune=esp-base  -nostartfiles -march=rv32imafc_zicsr_zifencei_zaamo_zalrsc_zcb_zcmp_zcmt_xesploop_xespv  -mabi=ilp32f -mno-cm-popret -mno-cm-push-reverse -v CMakeFiles/cmTC_2074a.dir/CMakeCCompilerABI.c.obj -o cmTC_2074a 
Using built-in specs.
COLLECT_GCC=/home/rpeters/.espressif/tools/riscv32-esp-elf/esp-15.2.0_20250929/riscv32-esp-elf/bin/riscv32-esp-elf-gcc
COLLECT_LTO_WRAPPER=/home/rpeters/.espressif/tools/riscv32-esp-elf/esp-15.2.0_20250929/riscv32-esp-elf/bin/../libexec/gcc/riscv32-esp-elf/15.2.0/lto-wrapper
Target: riscv32-esp-elf
Configured with: /builds/idf/crosstool-NG/.build/riscv32-esp-elf/src/gcc/configure --build=x86_64-build_pc-linux-gnu --host=x86_64-build_pc-linux-gnu --target=riscv32-esp-elf --prefix=/builds/idf/crosstool-NG/builds/riscv32-esp-elf --exec_prefix=/builds/idf/crosstool-NG/builds/riscv32-esp-elf --with-local-prefix=/builds/idf/crosstool-NG/builds/riscv32-esp-elf/riscv32-esp-elf --with-sysroot=/builds/idf/crosstool-NG/builds/riscv32-esp-elf/riscv32-esp-elf --with-native-system-header-dir=/include --with-headers=/builds/idf/crosstool-NG/builds/riscv32-esp-elf/riscv32-esp-elf/include --with-newlib --enable-threads=no --disable-shared --with-arch=rv32gc --with-abi=ilp32 --with-pkgversion='crosstool-NG esp-15.2.0_20250929' --disable-__cxa_atexit --enable-cxx-flags='-ffunction-sections -fdata-sections' --disable-libgomp --disable-libmudflap --disable-libmpx --disable-libssp --disable-libquadmath --disable-libquadmath-support --disable-libstdcxx-verbose --with-gmp=/builds/idf/crosstool-NG/.build/riscv32-esp-elf/buildtools --with-mpfr=/builds/idf/crosstool-NG/.build/riscv32-esp-elf/buildtools --with-mpc=/builds/idf/crosstool-NG/.build/riscv32-esp-elf/buildtools --with-isl=/builds/idf/crosstool-NG/.build/riscv32-esp-elf/buildtools --enable-lto --enable-target-optspace --without-long-double-128 --disable-plugin --disable-nls --enable-multiarch --enable-languages=c,c++ --disable-libstdcxx-verbose --enable-threads=posix --enable-libstdcxx-time=yes
Thread model: posix
Supported LTO compression algorithms: zlib zstd
gcc version 15.2.0 (crosstool-NG esp-15.2.0_20250929) 
COMPILER_PATH=/home/rpeters/.espressif/tools/riscv32-esp-elf/esp-15.2.0_20250929/riscv32-esp-elf/bin/../libexec/gcc/riscv32-esp-elf/15.2.0/:/home/rpeters/.espressif/tools/riscv32-esp-elf/esp-15.2.0_20250929/riscv32-esp-elf/bin/../libexec/gcc/:/home/rpeters/.espressif/tools/riscv32-esp-elf/esp-15.2.0_20250929/riscv32-esp-elf/bin/../lib/gcc/riscv32-esp-elf/15.2.0/../../../../riscv32-esp-elf/bin/
LIBRARY_PATH=/home/rpeters/.espressif/tools/riscv32-esp-elf/esp-15.2.0_20250929/riscv32-esp-elf/bin/../lib/gcc/riscv32-esp-elf/15.2.0/rv32imafc_zicsr_zifencei_zaamo_zalrsc/ilp32f/:/home/rpeters/.espressif/tools/riscv32-esp-elf/esp-15.2.0_20250929/riscv32-esp-elf/bin/../lib/gcc/riscv32-esp-elf/15.2.0/../../../../riscv32-esp-elf/lib/rv32imafc_zicsr_zifencei_zaamo_zalrsc/ilp32f/:/home/rpeters/.espressif/tools/riscv32-esp-elf/esp-15.2.0_20250929/riscv32-esp-elf/bin/../riscv32-esp-elf/lib/rv32imafc_zicsr_zifencei_zaamo_zalrsc/ilp32f/:/home/rpeters/.espressif/tools/riscv32-esp-elf/esp-15.2.0_20250929/riscv32-esp-elf/bin/../lib/gcc/riscv32-esp-elf/15.2.0/:/home/rpeters/.espressif/tools/riscv32-esp-elf/esp-15.2.0_20250929/riscv32-esp-elf/bin/../lib/gcc/:/home/rpeters/.espressif/tools/riscv32-esp-elf/esp-15.2.0_20250929/riscv32-esp-elf/bin/../lib/gcc/riscv32-esp-elf/15.2.0/../../../../riscv32-esp-elf/lib/:/home/rpeters/.espressif/tools/riscv32-esp-elf/esp-15.2.0_20250929/riscv32-esp-elf/bin/../riscv32-esp-elf/lib/:/home/rpeters/.espressif/tools/riscv32-esp-elf/esp-15.2.0_20250929/riscv32-esp-elf/bin/../riscv32-esp-elf/usr/lib/
COLLECT_GCC_OPTIONS='-mtune=esp-base' '-nostartfiles' '-march=rv32imafc_zicsr_zifencei_zaamo_zalrsc_zcb_zcmp_zcmt_xesploop_xespv' '-mabi=ilp32f' '-mno-cm-popret' '-mno-cm-push-reverse' '-v' '-o' 'cmTC_2074a' '-misa-spec=20191213' '-march=rv32imafc_zicsr_zifencei_zmmul_zaamo_zalrsc_zca_zcb_zcf_zcmp_zcmt_xesploop_xespv' '-dumpdir' 'cmTC_2074a.'
 /home/rpeters/.espressif/tools/riscv32-esp-elf/esp-15.2.0_20250929/riscv32-esp-elf/bin/../libexec/gcc/riscv32-esp-elf/15.2.0/collect2 -plugin /home/rpeters/.espressif/tools/riscv32-esp-elf/esp-15.2.0_20250929/riscv32-esp-elf/bin/../libexec/gcc/riscv32-esp-elf/15.2.0/liblto_plugin.so -plugin-opt=/home/rpeters/.espressif/tools/riscv32-esp-elf/esp-15.2.0_20250929/riscv32-esp-elf/bin/../libexec/gcc/riscv32-esp-elf/15.2.0/lto-wrapper -plugin-opt=-fresolution=/tmp/ccFbr9uR.res -plugin-opt=-pass-through=-lgcc -plugin-opt=-pass-through=-lc -plugin-opt=-pass-through=-lnosys -plugin-opt=-pass-through=-lc -plugin-opt=-pass-through=-lgcc --sysroot=/home/rpeters/.espressif/tools/riscv32-esp-elf/esp-15.2.0_20250929/riscv32-esp-elf/bin/../riscv32-esp-elf -melf32lriscv -X -o cmTC_2074a -L/home/rpeters/.espressif/tools/riscv32-esp-elf/esp-15.2.0_20250929/riscv32-esp-elf/bin/../lib/gcc/riscv32-esp-elf/15.2.0/rv32imafc_zicsr_zifencei_zaamo_zalrsc/ilp32f -L/home/rpeters/.espressif/tools/riscv32-esp-elf/esp-15.2.0_20250929/riscv32-esp-elf/bin/../lib/gcc/riscv32-esp-elf/15.2.0/../../../../riscv32-esp-elf/lib/rv32imafc_zicsr_zifencei_zaamo_zalrsc/ilp32f -L/home/rpeters/.espressif/tools/riscv32-esp-elf/esp-15.2.0_20250929/riscv32-esp-elf/bin/../riscv32-esp-elf/lib/rv32imafc_zicsr_zifencei_zaamo_zalrsc/ilp32f -L/home/rpeters/.espressif/tools/riscv32-esp-elf/esp-15.2.0_20250929/riscv32-esp-elf/bin/../lib/gcc/riscv32-esp-elf/15.2.0 -L/home/rpeters/.espressif/tools/riscv32-esp-elf/esp-15.2.0_20250929/riscv32-esp-elf/bin/../lib/gcc -L/home/rpeters/.espressif/tools/riscv32-esp-elf/esp-15.2.0_20250929/riscv32-esp-elf/bin/../lib/gcc/riscv32-esp-elf/15.2.0/../../../../riscv32-esp-elf/lib -L/home/rpeters/.espressif/tools/riscv32-esp-elf/esp-15.2.0_20250929/riscv32-esp-elf/bin/../riscv32-esp-elf/lib -L/home/rpeters/.espressif/tools/riscv32-esp-elf/esp-15.2.0_20250929/riscv32-esp-elf/bin/../riscv32-esp-elf/usr/lib CMakeFiles/cmTC_2074a.dir/CMakeCCompilerABI.c.obj -lgcc -lc -lnosys -lc -lgcc
/home/rpeters/.espressif/tools/riscv32-esp-elf/esp-15.2.0_20250929/riscv32-esp-elf/bin/../lib/gcc/riscv32-esp-elf/15.2.0/../../../../riscv32-esp-elf/bin/ld: warning: cannot find entry symbol _start; defaulting to 00010094
COLLECT_GCC_OPTIONS='-mtune=esp-base' '-nostartfiles' '-march=rv32imafc_zicsr_zifencei_zaamo_zalrsc_zcb_zcmp_zcmt_xesploop_xespv' '-mabi=ilp32f' '-mno-cm-popret' '-mno-cm-push-reverse' '-v' '-o' 'cmTC_2074a' '-misa-spec=20191213' '-march=rv32imafc_zicsr_zifencei_zmmul_zaamo_zalrsc_zca_zcb_zcf_zcmp_zcmt_xesploop_xespv' '-dumpdir' 'cmTC_2074a.'
gmake[1]: Leaving directory '/home/rpeters/Dokumente/Development/Projects/SDK-IDF/esp-idf-pico-p4/CMakeFiles/CMakeScratch/TryCompile-XqTzx0'



Parsed C implicit include dir info from above output: rv=done
  found start of include info
  found start of implicit include info
    add: [/home/rpeters/.espressif/tools/riscv32-esp-elf/esp-15.2.0_20250929/riscv32-esp-elf/bin/../lib/gcc/riscv32-esp-elf/15.2.0/include]
    add: [/home/rpeters/.espressif/tools/riscv32-esp-elf/esp-15.2.0_20250929/riscv32-esp-elf/bin/../lib/gcc/riscv32-esp-elf/15.2.0/include-fixed]
    add: [/home/rpeters/.espressif/tools/riscv32-esp-elf/esp-15.2.0_20250929/riscv32-esp-elf/bin/../lib/gcc/riscv32-esp-elf/15.2.0/../../../../riscv32-esp-elf/include]
  end of search list found
  collapse include dir [/home/rpeters/.espressif/tools/riscv32-esp-elf/esp-15.2.0_20250929/riscv32-esp-elf/bin/../lib/gcc/riscv32-esp-elf/15.2.0/include] ==> [/home/rpeters/.espressif/tools/riscv32-esp-elf/esp-15.2.0_20250929/riscv32-esp-elf/lib/gcc/riscv32-esp-elf/15.2.0/include]
  collapse include dir [/home/rpeters/.espressif/tools/riscv32-esp-elf/esp-15.2.0_20250929/riscv32-esp-elf/bin/../lib/gcc/riscv32-esp-elf/15.2.0/include-fixed] ==> [/home/rpeters/.espressif/tools/riscv32-esp-elf/esp-15.2.0_20250929/riscv32-esp-elf/lib/gcc/riscv32-esp-elf/15.2.0/include-fixed]
  collapse include dir [/home/rpeters/.espressif/tools/riscv32-esp-elf/esp-15.2.0_20250929/riscv32-esp-elf/bin/../lib/gcc/riscv32-esp-elf/15.2.0/../../../../riscv32-esp-elf/include] ==> [/home/rpeters/.espressif/tools/riscv32-esp-elf/esp-15.2.0_20250929/riscv32-esp-elf/riscv32-esp-elf/include]
  implicit include dirs: [/home/rpeters/.espressif/tools/riscv32-esp-elf/esp-15.2.0_20250929/riscv32-esp-elf/lib/gcc/riscv32-esp-elf/15.2.0/include;/home/rpeters/.espressif/tools/riscv32-esp-elf/esp-15.2.0_20250929/riscv32-esp-elf/lib/gcc/riscv32-esp-elf/15.2.0/include-fixed;/home/rpeters/.espressif/tools/riscv32-esp-elf/esp-15.2.0_20250929/riscv32-esp-elf/riscv32-esp-elf/include]


Parsed C implicit link information from above output:
  link line regex: [^( *|.*[/\])(riscv32-esp-elf-ld|CMAKE_LINK_STARTFILE-NOTFOUND|([^/\]+-)?ld|collect2)[^/\]*( |$)]
  ignore line: [Change Dir: /home/rpeters/Dokumente/Development/Projects/SDK-IDF/esp-idf-pico-p4/CMakeFiles/CMakeScratch/TryCompile-XqTzx0]
  ignore line: []
  ignore line: [Run Build Command(s):/usr/bin/gmake -f Makefile cmTC_2074a/fast && /usr/bin/gmake  -f CMakeFiles/cmTC_2074a.dir/build.make CMakeFiles/cmTC_2074a.dir/build]
  ignore line: [gmake[1]: Entering directory '/home/rpeters/Dokumente/Development/Projects/SDK-IDF/esp-idf-pico-p4/CMakeFiles/CMakeScratch/TryCompile-XqTzx0']
  ignore line: [Building C object CMakeFiles/cmTC_2074a.dir/CMakeCCompilerABI.c.obj]
  ignore line: [/home/rpeters/.espressif/tools/riscv32-esp-elf/esp-15.2.0_20250929/riscv32-esp-elf/bin/riscv32-esp-elf-gcc   -march=rv32imafc_zicsr_zifencei_zaamo_zalrsc_zcb_zcmp_zcmt_xesploop_xespv  -mabi=ilp32f -mno-cm-popret -mno-cm-push-reverse -mtune=esp-base    -v -o CMakeFiles/cmTC_2074a.dir/CMakeCCompilerABI.c.obj -c /usr/share/cmake-3.25/Modules/CMakeCCompilerABI.c]
  ignore line: [Using built-in specs.]
  ignore line: [COLLECT_GCC=/home/rpeters/.espressif/tools/riscv32-esp-elf/esp-15.2.0_20250929/riscv32-esp-elf/bin/riscv32-esp-elf-gcc]
  ignore line: [Target: riscv32-esp-elf]
  ignore line: [Configured with: /builds/idf/crosstool-NG/.build/riscv32-esp-elf/src/gcc/configure --build=x86_64-build_pc-linux-gnu --host=x86_64-build_pc-linux-gnu --target=riscv32-esp-elf --prefix=/builds/idf/crosstool-NG/builds/riscv32-esp-elf --exec_prefix=/builds/idf/crosstool-NG/builds/riscv32-esp-elf --with-local-prefix=/builds/idf/crosstool-NG/builds/riscv32-esp-elf/riscv32-esp-elf --with-sysroot=/builds/idf/crosstool-NG/builds/riscv32-esp-elf/riscv32-esp-elf --with-native-system-header-dir=/include --with-headers=/builds/idf/crosstool-NG/builds/riscv32-esp-elf/riscv32-esp-elf/include --with-newlib --enable-threads=no --disable-shared --with-arch=rv32gc --with-abi=ilp32 --with-pkgversion='crosstool-NG esp-15.2.0_20250929' --disable-__cxa_atexit --enable-cxx-flags='-ffunction-sections -fdata-sections' --disable-libgomp --disable-libmudflap --disable-libmpx --disable-libssp --disable-libquadmath --disable-libquadmath-support --disable-libstdcxx-verbose --with-gmp=/builds/idf/crosstool-NG/.build/riscv32-esp-elf/buildtools --with-mpfr=/builds/idf/crosstool-NG/.build/riscv32-esp-elf/buildtools --with-mpc=/builds/idf/crosstool-NG/.build/riscv32-esp-elf/buildtools --with-isl=/builds/idf/crosstool-NG/.build/riscv32-esp-elf/buildtools --enable-lto --enable-target-optspace --without-long-double-128 --disable-plugin --disable-nls --enable-multiarch --enable-languages=c c++ --disable-libstdcxx-verbose --enable-threads=posix --enable-libstdcxx-time=yes]
  ignore line: [Thread model: posix]
  ignore line: [Supported LTO compression algorithms: zlib zstd]
  ignore line: [gcc version 15.2.0 (crosstool-NG esp-15.2.0_20250929) ]
  ignore line: [COLLECT_GCC_OPTIONS='-march=rv32imafc_zicsr_zifencei_zaamo_zalrsc_zcb_zcmp_zcmt_xesploop_xespv' '-mabi=ilp32f' '-mno-cm-popret' '-mno-cm-push-reverse' '-mtune=esp-base' '-v' '-o' 'CMakeFiles/cmTC_2074a.dir/CMakeCCompilerABI.c.obj' '-c' '-misa-spec=20191213' '-march=rv32imafc_zicsr_zifencei_zmmul_zaamo_zalrsc_zca_zcb_zcf_zcmp_zcmt_xesploop_xespv' '-dumpdir' 'CMakeFiles/cmTC_2074a.dir/']
  ignore line: [ /home/rpeters/.espressif/tools/riscv32-esp-elf/esp-15.2.0_20250929/riscv32-esp-elf/bin/../libexec/gcc/riscv32-esp-elf/15.2.0/cc1 -quiet -v -imultilib rv32imafc_zicsr_zifencei_zaamo_zalrsc/ilp32f -iprefix /home/rpeters/.espressif/tools/riscv32-esp-elf/esp-15.2.0_20250929/riscv32-esp-elf/bin/../lib/gcc/riscv32-esp-elf/15.2.0/ -isysroot /home/rpeters/.espressif/tools/riscv32-esp-elf/esp-15.2.0_20250929/riscv32-esp-elf/bin/../riscv32-esp-elf /usr/share/cmake-3.25/Modules/CMakeCCompilerABI.c -quiet -dumpdir CMakeFiles/cmTC_2074a.dir/ -dumpbase CMakeCCompilerABI.c.c -dumpbase-ext .c -march=rv32imafc_zicsr_zifencei_zaamo_zalrsc_zcb_zcmp_zcmt_xesploop_xespv -mabi=ilp32f -mno-cm-popret -mno-cm-push-reverse -mtune=esp-base -misa-spec=20191213 -march=rv32imafc_zicsr_zifencei_zmmul_zaamo_zalrsc_zca_zcb_zcf_zcmp_zcmt_xesploop_xespv -version -o /tmp/cclqXgw0.s]
  ignore line: [GNU C23 (crosstool-NG esp-15.2.0_20250929) version 15.2.0 (riscv32-esp-elf)]
  ignore line: [	compiled by GNU C version 6.3.0  GMP version 6.3.0  MPFR version 4.2.1  MPC version 1.3.1  isl version isl-0.26-GMP]
  ignore line: []
  ignore line: [GGC heuristics: --param ggc-min-expand=100 --param ggc-min-heapsize=131072]
  ignore line: [ignoring duplicate directory "/home/rpeters/.espressif/tools/riscv32-esp-elf/esp-15.2.0_20250929/riscv32-esp-elf/bin/../lib/gcc/../../lib/gcc/riscv32-esp-elf/15.2.0/include"]
  ignore line: [ignoring nonexistent directory "/home/rpeters/.espressif/tools/riscv32-esp-elf/esp-15.2.0_20250929/riscv32-esp-elf/bin/../riscv32-esp-elf/builds/idf/crosstool-NG/builds/riscv32-esp-elf/riscv32-esp-elf/include"]
  ignore line: [ignoring duplicate directory "/home/rpeters/.espressif/tools/riscv32-esp-elf/esp-15.2.0_20250929/riscv32-esp-elf/bin/../lib/gcc/../../lib/gcc/riscv32-esp-elf/15.2.0/include-fixed"]
  ignore line: [ignoring duplicate directory "/home/rpeters/.espressif/tools/riscv32-esp-elf/esp-15.2.0_20250929/riscv32-esp-elf/bin/../lib/gcc/../../lib/gcc/riscv32-esp-elf/15.2.0/../../../../riscv32-esp-elf/include"]
  ignore line: [ignoring duplicate directory "/home/rpeters/.espressif/tools/riscv32-esp-elf/esp-15.2.0_20250929/riscv32-esp-elf/bin/../riscv32-esp-elf/include"]
  ignore line: [#include "..." search starts here:]
  ignore line: [#include <...> search starts here:]
  ignore line: [ /home/rpeters/.espressif/tools/riscv32-esp-elf/esp-15.2.0_20250929/riscv32-esp-elf/bin/../lib/gcc/riscv32-esp-elf/15.2.0/include]
  ignore line: [ /home/rpeters/.espressif/tools/riscv32-esp-elf/esp-15.2.0_20250929/riscv32-esp-elf/bin/../lib/gcc/riscv32-esp-elf/15.2.0/include-fixed]
  ignore line: [ /home/rpeters/.espressif/tools/riscv32-esp-elf/esp-15.2.0_20250929/riscv32-esp-elf/bin/../lib/gcc/riscv32-esp-elf/15.2.0/../../../../riscv32-esp-elf/include]
  ignore line: [End of search list.]
  ignore line: [Compiler executable checksum: a548da1dd134a800f305af4896e0a81b]
  ignore line: [COLLECT_GCC_OPTIONS='-march=rv32imafc_zicsr_zifencei_zaamo_zalrsc_zcb_zcmp_zcmt_xesploop_xespv' '-mabi=ilp32f' '-mno-cm-popret' '-mno-cm-push-reverse' '-mtune=esp-base' '-v' '-o' 'CMakeFiles/cmTC_2074a.dir/CMakeCCompilerABI.c.obj' '-c' '-misa-spec=20191213' '-march=rv32imafc_zicsr_zifencei_zmmul_zaamo_zalrsc_zca_zcb_zcf_zcmp_zcmt_xesploop_xespv' '-dumpdir' 'CMakeFiles/cmTC_2074a.dir/']
  ignore line: [ /home/rpeters/.espressif/tools/riscv32-esp-elf/esp-15.2.0_20250929/riscv32-esp-elf/bin/../lib/gcc/riscv32-esp-elf/15.2.0/../../../../riscv32-esp-elf/bin/as -v --traditional-format -march=rv32imafc_zicsr_zifencei_zaamo_zalrsc_zcb_zcmp_zcmt_xesploop_xespv -march=rv32imafc_zicsr_zifencei_zmmul_zaamo_zalrsc_zca_zcb_zcf_zcmp_zcmt_xesploop_xespv -mabi=ilp32f -misa-spec=20191213 -o CMakeFiles/cmTC_2074a.dir/CMakeCCompilerABI.c.obj /tmp/cclqXgw0.s]
  ignore line: [GNU assembler version 2.45 (riscv32-esp-elf) using BFD version (crosstool-NG esp-15.2.0_20250929) 2.45]
  ignore line: [COMPILER_PATH=/home/rpeters/.espressif/tools/riscv32-esp-elf/esp-15.2.0_20250929/riscv32-esp-elf/bin/../libexec/gcc/riscv32-esp-elf/15.2.0/:/home/rpeters/.espressif/tools/riscv32-esp-elf/esp-15.2.0_20250929/riscv32-esp-elf/bin/../libexec/gcc/:/home/rpeters/.espressif/tools/riscv32-esp-elf/esp-15.2.0_20250929/riscv32-esp-elf/bin/../lib/gcc/riscv32-esp-elf/15.2.0/../../../../riscv32-esp-elf/bin/]
  ignore line: [LIBRARY_PATH=/home/rpeters/.espressif/tools/riscv32-esp-elf/esp-15.2.0_20250929/riscv32-esp-elf/bin/../lib/gcc/riscv32-esp-elf/15.2.0/rv32imafc_zicsr_zifencei_zaamo_zalrsc/ilp32f/:/home/rpeters/.espressif/tools/riscv32-esp-elf/esp-15.2.0_20250929/riscv32-esp-elf/bin/../lib/gcc/riscv32-esp-elf/15.2.0/../../../../riscv32-esp-elf/lib/rv32imafc_zicsr_zifencei_zaamo_zalrsc/ilp32f/:/home/rpeters/.espressif/tools/riscv32-esp-elf/esp-15.2.0_20250929/riscv32-esp-elf/bin/../riscv32-esp-elf/lib/rv32imafc_zicsr_zifencei_zaamo_zalrsc/ilp32f/:/home/rpeters/.espressif/tools/riscv32-esp-elf/esp-15.2.0_20250929/riscv32-esp-elf/bin/../lib/gcc/riscv32-esp-elf/15.2.0/:/home/rpeters/.espressif/tools/riscv32-esp-elf/esp-15.2.0_20250929/riscv32-esp-elf/bin/../lib/gcc/:/home/rpeters/.espressif/tools/riscv32-esp-elf/esp-15.2.0_20250929/riscv32-esp-elf/bin/../lib/gcc/riscv32-esp-elf/15.2.0/../../../../riscv32-esp-elf/lib/:/home/rpeters/.espressif/tools/riscv32-esp-elf/esp-15.2.0_20250929/riscv32-esp-elf/bin/../riscv32-esp-elf/lib/:/home/rpeters/.espressif/tools/riscv32-esp-elf/esp-15.2.0_20250929/riscv32-esp-elf/bin/../riscv32-esp-elf/usr/lib/]
  ignore line: [COLLECT_GCC_OPTIONS='-march=rv32imafc_zicsr_zifencei_zaamo_zalrsc_zcb_zcmp_zcmt_xesploop_xespv' '-mabi=ilp32f' '-mno-cm-popret' '-mno-cm-push-reverse' '-mtune=esp-base' '-v' '-o' 'CMakeFiles/cmTC_2074a.dir/CMakeCCompilerABI.c.obj' '-c' '-misa-spec=20191213' '-march=rv32imafc_zicsr_zifencei_zmmul_zaamo_zalrsc_zca_zcb_zcf_zcmp_zcmt_xesploop_xespv' '-dumpdir' 'CMakeFiles/cmTC_2074a.dir/CMakeCCompilerABI.c.']
  ignore line: [Linking C executable cmTC_2074a]
  ignore line: [/usr/bin/cmake -E cmake_link_script CMakeFiles/cmTC_2074a.dir/link.txt --verbose=1]
  ignore line: [/home/rpeters/.espressif/tools/riscv32-esp-elf/esp-15.2.0_20250929/riscv32-esp-elf/bin/riscv32-esp-elf-gcc -march=rv32imafc_zicsr_zifencei_zaamo_zalrsc_zcb_zcmp_zcmt_xesploop_xespv  -mabi=ilp32f -mno-cm-popret -mno-cm-push-reverse -mtune=esp-base  -nostartfiles -march=rv32imafc_zicsr_zifencei_zaamo_zalrsc_zcb_zcmp_zcmt_xesploop_xespv  -mabi=ilp32f -mno-cm-popret -mno-cm-push-reverse -v CMakeFiles/cmTC_2074a.dir/CMakeCCompilerABI.c.obj -o cmTC_2074a ]
  ignore line: [Using built-in specs.]
  ignore line: [COLLECT_GCC=/home/rpeters/.espressif/tools/riscv32-esp-elf/esp-15.2.0_20250929/riscv32-esp-elf/bin/riscv32-esp-elf-gcc]
  ignore line: [COLLECT_LTO_WRAPPER=/home/rpeters/.espressif/tools/riscv32-esp-elf/esp-15.2.0_20250929/riscv32-esp-elf/bin/../libexec/gcc/riscv32-esp-elf/15.2.0/lto-wrapper]
  ignore line: [Target: riscv32-esp-elf]
  ignore line: [Configured with: /builds/idf/crosstool-NG/.build/riscv32-esp-elf/src/gcc/configure --build=x86_64-build_pc-linux-gnu --host=x86_64-build_pc-linux-gnu --target=riscv32-esp-elf --prefix=/builds/idf/crosstool-NG/builds/riscv32-esp-elf --exec_prefix=/builds/idf/crosstool-NG/builds/riscv32-esp-elf --with-local-prefix=/builds/idf/crosstool-NG/builds/riscv32-esp-elf/riscv32-esp-elf --with-sysroot=/builds/idf/crosstool-NG/builds/riscv32-esp-elf/riscv32-esp-elf --with-native-system-header-dir=/include --with-headers=/builds/idf/crosstool-NG/builds/riscv32-esp-elf/riscv32-esp-elf/include --with-newlib --enable-threads=no --disable-shared --with-arch=rv32gc --with-abi=ilp32 --with-pkgversion='crosstool-NG esp-15.2.0_20250929' --disable-__cxa_atexit --enable-cxx-flags='-ffunction-sections -fdata-sections' --disable-libgomp --disable-libmudflap --disable-libmpx --disable-libssp --disable-libquadmath --disable-libquadmath-support --disable-libstdcxx-verbose --with-gmp=/builds/idf/crosstool-NG/.build/riscv32-esp-elf/buildtools --with-mpfr=/builds/idf/crosstool-NG/.build/riscv32-esp-elf/buildtools --with-mpc=/builds/idf/crosstool-NG/.build/riscv32-esp-elf/buildtools --with-isl=/builds/idf/crosstool-NG/.build/riscv32-esp-elf/buildtools --enable-lto --enable-target-optspace --without-long-double-128 --disable-plugin --disable-nls --enable-multiarch --enable-languages=c c++ --disable-libstdcxx-verbose --enable-threads=posix --enable-libstdcxx-time=yes]
  ignore line: [Thread model: posix]
  ignore line: [Supported LTO compression algorithms: zlib zstd]
  ignore line: [gcc version 15.2.0 (crosstool-NG esp-15.2.0_20250929) ]
  ignore line: [COMPILER_PATH=/home/rpeters/.espressif/tools/riscv32-esp-elf/esp-15.2.0_20250929/riscv32-esp-elf/bin/../libexec/gcc/riscv32-esp-elf/15.2.0/:/home/rpeters/.espressif/tools/riscv32-esp-elf/esp-15.2.0_20250929/riscv32-esp-elf/bin/../libexec/gcc/:/home/rpeters/.espressif/tools/riscv32-esp-elf/esp-15.2.0_20250929/riscv32-esp-elf/bin/../lib/gcc/riscv32-esp-elf/15.2.0/../../../../riscv32-esp-elf/bin/]
  ignore line: [LIBRARY_PATH=/home/rpeters/.espressif/tools/riscv32-esp-elf/esp-15.2.0_20250929/riscv32-esp-elf/bin/../lib/gcc/riscv32-esp-elf/15.2.0/rv32imafc_zicsr_zifencei_zaamo_zalrsc/ilp32f/:/home/rpeters/.espressif/tools/riscv32-esp-elf/esp-15.2.0_20250929/riscv32-esp-elf/bin/../lib/gcc/riscv32-esp-elf/15.2.0/../../../../riscv32-esp-elf/lib/rv32imafc_zicsr_zifencei_zaamo_zalrsc/ilp32f/:/home/rpeters/.espressif/tools/riscv32-esp-elf/esp-15.2.0_20250929/riscv32-esp-elf/bin/../riscv32-esp-elf/lib/rv32imafc_zicsr_zifencei_zaamo_zalrsc/ilp32f/:/home/rpeters/.espressif/tools/riscv32-esp-elf/esp-15.2.0_20250929/riscv32-esp-elf/bin/../lib/gcc/riscv32-esp-elf/15.2.0/:/home/rpeters/.espressif/tools/riscv32-esp-elf/esp-15.2.0_20250929/riscv32-esp-elf/bin/../lib/gcc/:/home/rpeters/.espressif/tools/riscv32-esp-elf/esp-15.2.0_20250929/riscv32-esp-elf/bin/../lib/gcc/riscv32-esp-elf/15.2.0/../../../../riscv32-esp-elf/lib/:/home/rpeters/.espressif/tools/riscv32-esp-elf/esp-15.2.0_20250929/riscv32-esp-elf/bin/../riscv32-esp-elf/lib/:/home/rpeters/.espressif/tools/riscv32-esp-elf/esp-15.2.0_20250929/riscv32-esp-elf/bin/../riscv32-esp-elf/usr/lib/]
  ignore line: [COLLECT_GCC_OPTIONS='-mtune=esp-base' '-nostartfiles' '-march=rv32imafc_zicsr_zifencei_zaamo_zalrsc_zcb_zcmp_zcmt_xesploop_xespv' '-mabi=ilp32f' '-mno-cm-popret' '-mno-cm-push-reverse' '-v' '-o' 'cmTC_2074a' '-misa-spec=20191213' '-march=rv32imafc_zicsr_zifencei_zmmul_zaamo_zalrsc_zca_zcb_zcf_zcmp_zcmt_xesploop_xespv' '-dumpdir' 'cmTC_2074a.']
  link line: [ /home/rpeters/.espressif/tools/riscv32-esp-elf/esp-15.2.0_20250929/riscv32-esp-elf/bin/../libexec/gcc/riscv32-esp-elf/15.2.0/collect2 -plugin /home/rpeters/.espressif/tools/riscv32-esp-elf/esp-15.2.0_20250929/riscv32-esp-elf/bin/../libexec/gcc/riscv32-esp-elf/15.2.0/liblto_plugin.so -plugin-opt=/home/rpeters/.espressif/tools/riscv32-esp-elf/esp-15.2.0_20250929/riscv32-esp-elf/bin/../libexec/gcc/riscv32-esp-elf/15.2.0/lto-wrapper -plugin-opt=-fresolution=/tmp/ccFbr9uR.res -plugin-opt=-pass-through=-lgcc -plugin-opt=-pass-through=-lc -plugin-opt=-pass-through=-lnosys -plugin-opt=-pass-through=-lc -plugin-opt=-pass-through=-lgcc --sysroot=/home/rpeters/.espressif/tools/riscv32-esp-elf/esp-15.2.0_20250929/riscv32-esp-elf/bin/../riscv32-esp-elf -melf32lriscv -X -o cmTC_2074a -L/home/rpeters/.espressif/tools/riscv32-esp-elf/esp-15.2.0_20250929/riscv32-esp-elf/bin/../lib/gcc/riscv32-esp-elf/15.2.0/rv32imafc_zicsr_zifencei_zaamo_zalrsc/ilp32f -L/home/rpeters/.espressif/tools/riscv32-esp-elf/esp-15.2.0_20250929/riscv32-esp-elf/bin/../lib/gcc/riscv32-esp-elf/15.2.0/../../../../riscv32-esp-elf/lib/rv32imafc_zicsr_zifencei_zaamo_zalrsc/ilp32f -L/home/rpeters/.espressif/tools/riscv32-esp-elf/esp-15.2.0_20250929/riscv32-esp-elf/bin/../riscv32-esp-elf/lib/rv32imafc_zicsr_zifencei_zaamo_zalrsc/ilp32f -L/home/rpeters/.espressif/tools/riscv32-esp-elf/esp-15.2.0_20250929/riscv32-esp-elf/bin/../lib/gcc/riscv32-esp-elf/15.2.0 -L/home/rpeters/.espressif/tools/riscv32-esp-elf/esp-15.2.0_20250929/riscv32-esp-elf/bin/../lib/gcc -L/home/rpeters/.espressif/tools/riscv32-esp-elf/esp-15.2.0_20250929/riscv32-esp-elf/bin/../lib/gcc/riscv32-esp-elf/15.2.0/../../../../riscv32-esp-elf/lib -L/home/rpeters/.espressif/tools/riscv32-esp-elf/esp-15.2.0_20250929/riscv32-esp-elf/bin/../riscv32-esp-elf/lib -L/home/rpeters/.espressif/tools/riscv32-esp-elf/esp-15.2.0_20250929/riscv32-esp-elf/bin/../riscv32-esp-elf/usr/lib CMakeFiles/cmTC_2074a.dir/CMakeCCompilerABI.c.obj -lgcc -lc -lnosys -lc -lgcc]
    arg [/home/rpeters/.espressif/tools/riscv32-esp-elf/esp-15.2.0_20250929/riscv32-esp-elf/bin/../libexec/gcc/riscv32-esp-elf/15.2.0/collect2] ==> ignore
    arg [-plugin] ==> ignore
    arg [/home/rpeters/.espressif/tools/riscv32-esp-elf/esp-15.2.0_20250929/riscv32-esp-elf/bin/../libexec/gcc/riscv32-esp-elf/15.2.0/liblto_plugin.so] ==> ignore
    arg [-plugin-opt=/home/rpeters/.espressif/tools/riscv32-esp-elf/esp-15.2.0_20250929/riscv32-esp-elf/bin/../libexec/gcc/riscv32-esp-elf/15.2.0/lto-wrapper] ==> ignore
    arg [-plugin-opt=-fresolution=/tmp/ccFbr9uR.res] ==> ignore
    arg [-plugin-opt=-pass-through=-lgcc] ==> ignore
    arg [-plugin-opt=-pass-through=-lc] ==> ignore
    arg [-plugin-opt=-pass-through=-lnosys] ==> ignore
    arg [-plugin-opt=-pass-through=-lc] ==> ignore
    arg [-plugin-opt=-pass-through=-lgcc] ==> ignore
    arg [--sysroot=/home/rpeters/.espressif/tools/riscv32-esp-elf/esp-15.2.0_20250929/riscv32-esp-elf/bin/../riscv32-esp-elf] ==> ignore
    arg [-melf32lriscv] ==> ignore
    arg [-X] ==> ignore
    arg [-o] ==> ignore
    arg [cmTC_2074a] ==> ignore
    arg [-L/home/rpeters/.espressif/tools/riscv32-esp-elf/esp-15.2.0_20250929/riscv32-esp-elf/bin/../lib/gcc/riscv32-esp-elf/15.2.0/rv32imafc_zicsr_zifencei_zaamo_zalrsc/ilp32f] ==> dir [/home/rpeters/.espressif/tools/riscv32-esp-elf/esp-15.2.0_20250929/riscv32-esp-elf/bin/../lib/gcc/riscv32-esp-elf/15.2.0/rv32imafc_zicsr_zifencei_zaamo_zalrsc/ilp32f]
    arg [-L/home/rpeters/.espressif/tools/riscv32-esp-elf/esp-15.2.0_20250929/riscv32-esp-elf/bin/../lib/gcc/riscv32-esp-elf/15.2.0/../../../../riscv32-esp-elf/lib/rv32imafc_zicsr_zifencei_zaamo_zalrsc/ilp32f] ==> dir [/home/rpeters/.espressif/tools/riscv32-esp-elf/esp-15.2.0_20250929/riscv32-esp-elf/bin/../lib/gcc/riscv32-esp-elf/15.2.0/../../../../riscv32-esp-elf/lib/rv32imafc_zicsr_zifencei_zaamo_zalrsc/ilp32f]
    arg [-L/home/rpeters/.espressif/tools/riscv32-esp-elf/esp-15.2.0_20250929/riscv32-esp-elf/bin/../riscv32-esp-elf/lib/rv32imafc_zicsr_zifencei_zaamo_zalrsc/ilp32f] ==> dir [/home/rpeters/.espressif/tools/riscv32-esp-elf/esp-15.2.0_20250929/riscv32-esp-elf/bin/../riscv32-esp-elf/lib/rv32imafc_zicsr_zifencei_zaamo_zalrsc/ilp32f]
    arg [-L/home/rpeters/.espressif/tools/riscv32-esp-elf/esp-15.2.0_20250929/riscv32-esp-elf/bin/../lib/gcc/riscv32-esp-elf/15.2.0] ==> dir [/home/rpeters/.espressif/tools/riscv32-esp-elf/esp-15.2.0_20250929/riscv32-esp-elf/bin/../lib/gcc/riscv32-esp-elf/15.2.0]
    arg [-L/home/rpeters/.espressif/tools/riscv32-esp-elf/esp-15.2.0_20250929/riscv32-esp-elf/bin/../lib/gcc] ==> dir [/home/rpeters/.espressif/tools/riscv32-esp-elf/esp-15.2.0_20250929/riscv32-esp-elf/bin/../lib/gcc]
    arg [-L/home/rpeters/.espressif/tools/riscv32-esp-elf/esp-15.2.0_20250929/riscv32-esp-elf/bin/../lib/gcc/riscv32-esp-elf/15.2.0/../../../../riscv32-esp-elf/lib] ==> dir [/home/rpeters/.espressif/tools/riscv32-esp-elf/esp-15.2.0_20250929/riscv32-esp-elf/bin/../lib/gcc/riscv32-esp-elf/15.2.0/../../../../riscv32-esp-elf/lib]
    arg [-L/home/rpeters/.espressif/tools/riscv32-esp-elf/esp-15.2.0_20250929/riscv32-esp-elf/bin/../riscv32-esp-elf/lib] ==> dir [/home/rpeters/.espressif/tools/riscv32-esp-elf/esp-15.2.0_20250929/riscv32-esp-elf/bin/../riscv32-esp-elf/lib]
    arg [-L/home/rpeters/.espressif/tools/riscv32-esp-elf/esp-15.2.0_20250929/riscv32-esp-elf/bin/../riscv32-esp-elf/usr/lib] ==> dir [/home/rpeters/.espressif/tools/riscv32-esp-elf/esp-15.2.0_20250929/riscv32-esp-elf/bin/../riscv32-esp-elf/usr/lib]
    arg [CMakeFiles/cmTC_2074a.dir/CMakeCCompilerABI.c.obj] ==> ignore
    arg [-lgcc] ==> lib [gcc]
    arg [-lc] ==> lib [c]
    arg [-lnosys] ==> lib [nosys]
    arg [-lc] ==> lib [c]
    arg [-lgcc] ==> lib [gcc]
  collapse library dir [/home/rpeters/.espressif/tools/riscv32-esp-elf/esp-15.2.0_20250929/riscv32-esp-elf/bin/../lib/gcc/riscv32-esp-elf/15.2.0/rv32imafc_zicsr_zifencei_zaamo_zalrsc/ilp32f] ==> [/home/rpeters/.espressif/tools/riscv32-esp-elf/esp-15.2.0_20250929/riscv32-esp-elf/lib/gcc/riscv32-esp-elf/15.2.0/rv32imafc_zicsr_zifencei_zaamo_zalrsc/ilp32f]
  collapse library dir [/home/rpeters/.espressif/tools/riscv32-esp-elf/esp-15.2.0_20250929/riscv32-esp-elf/bin/../lib/gcc/riscv32-esp-elf/15.2.0/../../../../riscv32-esp-elf/lib/rv32imafc_zicsr_zifencei_zaamo_zalrsc/ilp32f] ==> [/home/rpeters/.espressif/tools/riscv32-esp-elf/esp-15.2.0_20250929/riscv32-esp-elf/riscv32-esp-elf/lib/rv32imafc_zicsr_zifencei_zaamo_zalrsc/ilp32f]
  collapse library dir [/home/rpeters/.espressif/tools/riscv32-esp-elf/esp-15.2.0_20250929/riscv32-esp-elf/bin/../riscv32-esp-elf/lib/rv32imafc_zicsr_zifencei_zaamo_zalrsc/ilp32f] ==> [/home/rpeters/.espressif/tools/riscv32-esp-elf/esp-15.2.0_20250929/riscv32-esp-elf/riscv32-esp-elf/lib/rv32imafc_zicsr_zifencei_zaamo_zalrsc/ilp32f]
  collapse library dir [/home/rpeters/.espressif/tools/riscv32-esp-elf/esp-15.2.0_20250929/riscv32-esp-elf/bin/../lib/gcc/riscv32-esp-elf/15.2.0] ==> [/home/rpeters/.espressif/tools/riscv32-esp-elf/esp-15.2.0_20250929/riscv32-esp-elf/lib/gcc/riscv32-esp-elf/15.2.0]
  collapse library dir [/home/rpeters/.espressif/tools/riscv32-esp-elf/esp-15.2.0_20250929/riscv32-esp-elf/bin/../lib/gcc] ==> [/home/rpeters/.espressif/tools/riscv32-esp-elf/esp-15.2.0_20250929/riscv32-esp-elf/lib/gcc]
  collapse library dir [/home/rpeters/.espressif/tools/riscv32-esp-elf/esp-15.2.0_20250929/riscv32-esp-elf/bin/../lib/gcc/riscv32-esp-elf/15.2.0/../../../../riscv32-esp-elf/lib] ==> [/home/rpeters/.espressif/tools/riscv32-esp-elf/esp-15.2.0_20250929/riscv32-esp-elf/riscv32-esp-elf/lib]
  collapse library dir [/home/rpeters/.espressif/tools/riscv32-esp-elf/esp-15.2.0_20250929/riscv32-esp-elf/bin/../riscv32-esp-elf/lib] ==> [/home/rpeters/.espressif/tools/riscv32-esp-elf/esp-15.2.0_20250929/riscv32-esp-elf/riscv32-esp-elf/lib]
  collapse library dir [/home/rpeters/.espressif/tools/riscv32-esp-elf/esp-15.2.0_20250929/riscv32-esp-elf/bin/../riscv32-esp-elf/usr/lib] ==> [/home/rpeters/.espressif/tools/riscv32-esp-elf/esp-15.2.0_20250929/riscv32-esp-elf/riscv32-esp-elf/usr/lib]
  implicit libs: [gcc;c;nosys;c;gcc]
  implicit objs: []
  implicit dirs: [/home/rpeters/.espressif/tools/riscv32-esp-elf/esp-15.2.0_20250929/riscv32-esp-elf/lib/gcc/riscv32-esp-elf/15.2.0/rv32imafc_zicsr_zifencei_zaamo_zalrsc/ilp32f;/home/rpeters/.espressif/tools/riscv32-esp-elf/esp-15.2.0_20250929/riscv32-esp-elf/riscv32-esp-elf/lib/rv32imafc_zicsr_zifencei_zaamo_zalrsc/ilp32f;/home/rpeters/.espressif/tools/riscv32-esp-elf/esp-15.2.0_20250929/riscv32-esp-elf/lib/gcc/riscv32-esp-elf/15.2.0;/home/rpeters/.espressif/tools/riscv32-esp-elf/esp-15.2.0_20250929/riscv32-esp-elf/lib/gcc;/home/rpeters/.espressif/tools/riscv32-esp-elf/esp-15.2.0_20250929/riscv32-esp-elf/riscv32-esp-elf/lib;/home/rpeters/.espressif/tools/riscv32-esp-elf/esp-15.2.0_20250929/riscv32-esp-elf/riscv32-esp-elf/usr/lib]
  implicit fwks: []


Detecting CXX compiler ABI info compiled with the following output:
Change Dir: /home/rpeters/Dokumente/Development/Projects/SDK-IDF/esp-idf-pico-p4/CMakeFiles/CMakeScratch/TryCompile-iscGXE

Run Build Command(s):/usr/bin/gmake -f Makefile cmTC_81d18/fast && /usr/bin/gmake  -f CMakeFiles/cmTC_81d18.dir/build.make CMakeFiles/cmTC_81d18.dir/build
gmake[1]: Entering directory '/home/rpeters/Dokumente/Development/Projects/SDK-IDF/esp-idf-pico-p4/CMakeFiles/CMakeScratch/TryCompile-iscGXE'
Building CXX object CMakeFiles/cmTC_81d18.dir/CMakeCXXCompilerABI.cpp.obj
/home/rpeters/.espressif/tools/riscv32-esp-elf/esp-15.2.0_20250929/riscv32-esp-elf/bin/riscv32-esp-elf-g++   -march=rv32imafc_zicsr_zifencei_zaamo_zalrsc_zcb_zcmp_zcmt_xesploop_xespv  -mabi=ilp32f -mno-cm-popret -mno-cm-push-reverse -mtune=esp-base    -v -o CMakeFiles/cmTC_81d18.dir/CMakeCXXCompilerABI.cpp.obj -c /usr/share/cmake-3.25/Modules/CMakeCXXCompilerABI.cpp
Using built-in specs.
COLLECT_GCC=/home/rpeters/.espressif/tools/riscv32-esp-elf/esp-15.2.0_20250929/riscv32-esp-elf/bin/riscv32-esp-elf-g++
Target: riscv32-esp-elf
Configured with: /builds/idf/crosstool-NG/.build/riscv32-esp-elf/src/gcc/configure --build=x86_64-build_pc-linux-gnu --host=x86_64-build_pc-linux-gnu --target=riscv32-esp-elf --prefix=/builds/idf/crosstool-NG/builds/riscv32-esp-elf --exec_prefix=/builds/idf/crosstool-NG/builds/riscv32-esp-elf --with-local-prefix=/builds/idf/crosstool-NG/builds/riscv32-esp-elf/riscv32-esp-elf --with-sysroot=/builds/idf/crosstool-NG/builds/riscv32-esp-elf/riscv32-esp-elf --with-native-system-header-dir=/include --with-headers=/builds/idf/crosstool-NG/builds/riscv32-esp-elf/riscv32-esp-elf/include --with-newlib --enable-threads=no --disable-shared --with-arch=rv32gc --with-abi=ilp32 --with-pkgversion='crosstool-NG esp-15.2.0_20250929' --disable-__cxa_atexit --enable-cxx-flags='-ffunction-sections -fdata-sections' --disable-libgomp --disable-libmudflap --disable-libmpx --disable-libssp --disable-libquadmath --disable-libquadmath-support --disable-libstdcxx-verbose --with-gmp=/builds/idf/crosstool-NG/.build/riscv32-esp-elf/buildtools --with-mpfr=/builds/idf/crosstool-NG/.build/riscv32-esp-elf/buildtools --with-mpc=/builds/idf/crosstool-NG/.build/riscv32-esp-elf/buildtools --with-isl=/builds/idf/crosstool-NG/.build/riscv32-esp-elf/buildtools --enable-lto --enable-target-optspace --without-long-double-128 --disable-plugin --disable-nls --enable-multiarch --enable-languages=c,c++ --disable-libstdcxx-verbose --enable-threads=posix --enable-libstdcxx-time=yes
Thread model: posix
Supported LTO compression algorithms: zlib zstd
gcc version 15.2.0 (crosstool-NG esp-15.2.0_20250929) 
COLLECT_GCC_OPTIONS='-march=rv32imafc_zicsr_zifencei_zaamo_zalrsc_zcb_zcmp_zcmt_xesploop_xespv' '-mabi=ilp32f' '-mno-cm-popret' '-mno-cm-push-reverse' '-mtune=esp-base' '-v' '-o' 'CMakeFiles/cmTC_81d18.dir/CMakeCXXCompilerABI.cpp.obj' '-c' '-misa-spec=20191213' '-march=rv32imafc_zicsr_zifencei_zmmul_zaamo_zalrsc_zca_zcb_zcf_zcmp_zcmt_xesploop_xespv' '-dumpdir' 'CMakeFiles/cmTC_81d18.dir/'
 /home/rpeters/.espressif/tools/riscv32-esp-elf/esp-15.2.0_20250929/riscv32-esp-elf/bin/../libexec/gcc/riscv32-esp-elf/15.2.0/cc1plus -quiet -v -imultilib rv32imafc_zicsr_zifencei_zaamo_zalrsc/ilp32f -iprefix /home/rpeters/.espressif/tools/riscv32-esp-elf/esp-15.2.0_20250929/riscv32-esp-elf/bin/../lib/gcc/riscv32-esp-elf/15.2.0/ -isysroot /home/rpeters/.espressif/tools/riscv32-esp-elf/esp-15.2.0_20250929/riscv32-esp-elf/bin/../riscv32-esp-elf /usr/share/cmake-3.25/Modules/CMakeCXXCompilerABI.cpp -quiet -dumpdir CMakeFiles/cmTC_81d18.dir/ -dumpbase CMakeCXXCompilerABI.cpp.cpp -dumpbase-ext .cpp -march=rv32imafc_zicsr_zifencei_zaamo_zalrsc_zcb_zcmp_zcmt_xesploop_xespv -mabi=ilp32f -mno-cm-popret -mno-cm-push-reverse -mtune=esp-base -misa-spec=20191213 -march=rv32imafc_zicsr_zifencei_zmmul_zaamo_zalrsc_zca_zcb_zcf_zcmp_zcmt_xesploop_xespv -version -o /tmp/ccRWefeM.s
GNU C++17 (crosstool-NG esp-15.2.0_20250929) version 15.2.0 (riscv32-esp-elf)
	compiled by GNU C version 6.3.0, GMP version 6.3.0, MPFR version 4.2.1, MPC version 1.3.1, isl version isl-0.26-GMP

GGC heuristics: --param ggc-min-expand=100 --param ggc-min-heapsize=131072
ignoring duplicate directory "/home/rpeters/.espressif/tools/riscv32-esp-elf/esp-15.2.0_20250929/riscv32-esp-elf/bin/../lib/gcc/../../lib/gcc/riscv32-esp-elf/15.2.0/../../../../riscv32-esp-elf/include/c++/15.2.0"
ignoring duplicate directory "/home/rpeters/.espressif/tools/riscv32-esp-elf/esp-15.2.0_20250929/riscv32-esp-elf/bin/../lib/gcc/../../lib/gcc/riscv32-esp-elf/15.2.0/../../../../riscv32-esp-elf/include/c++/15.2.0/riscv32-esp-elf/rv32imafc_zicsr_zifencei_zaamo_zalrsc/ilp32f"
ignoring duplicate directory "/home/rpeters/.espressif/tools/riscv32-esp-elf/esp-15.2.0_20250929/riscv32-esp-elf/bin/../lib/gcc/../../lib/gcc/riscv32-esp-elf/15.2.0/../../../../riscv32-esp-elf/include/c++/15.2.0/backward"
ignoring duplicate directory "/home/rpeters/.espressif/tools/riscv32-esp-elf/esp-15.2.0_20250929/riscv32-esp-elf/bin/../lib/gcc/../../lib/gcc/riscv32-esp-elf/15.2.0/include"
ignoring nonexistent directory "/home/rpeters/.espressif/tools/riscv32-esp-elf/esp-15.2.0_20250929/riscv32-esp-elf/bin/../riscv32-esp-elf/builds/idf/crosstool-NG/builds/riscv32-esp-elf/riscv32-esp-elf/include"
ignoring duplicate directory "/home/rpeters/.espressif/tools/riscv32-esp-elf/esp-15.2.0_20250929/riscv32-esp-elf/bin/../lib/gcc/../../lib/gcc/riscv32-esp-elf/15.2.0/include-fixed"
ignoring duplicate directory "/home/rpeters/.espressif/tools/riscv32-esp-elf/esp-15.2.0_20250929/riscv32-esp-elf/bin/../lib/gcc/../../lib/gcc/riscv32-esp-elf/15.2.0/../../../../riscv32-esp-elf/include"
ignoring duplicate directory "/home/rpeters/.espressif/tools/riscv32-esp-elf/esp-15.2.0_20250929/riscv32-esp-elf/bin/../riscv32-esp-elf/include"
#include "..." search starts here:
#include <...> search starts here:
 /home/rpeters/.espressif/tools/riscv32-esp-elf/esp-15.2.0_20250929/riscv32-esp-elf/bin/../lib/gcc/riscv32-esp-elf/15.2.0/../../../../riscv32-esp-elf/include/c++/15.2.0
 /home/rpeters/.espressif/tools/riscv32-esp-elf/esp-15.2.0_20250929/riscv32-esp-elf/bin/../lib/gcc/riscv32-esp-elf/15.2.0/../../../../riscv32-esp-elf/include/c++/15.2.0/riscv32-esp-elf/rv32imafc_zicsr_zifencei_zaamo_zalrsc/ilp32f
 /home/rpeters/.espressif/tools/riscv32-esp-elf/esp-15.2.0_20250929/riscv32-esp-elf/bin/../lib/gcc/riscv32-esp-elf/15.2.0/../../../../riscv32-esp-elf/include/c++/15.2.0/backward
 /home/rpeters/.espressif/tools/riscv32-esp-elf/esp-15.2.0_20250929/riscv32-esp-elf/bin/../lib/gcc/riscv32-esp-elf/15.2.0/include
 /home/rpeters/.espressif/tools/riscv32-esp-elf/esp-15.2.0_20250929/riscv32-esp-elf/bin/../lib/gcc/riscv32-esp-elf/15.2.0/include-fixed
 /home/rpeters/.espressif/tools/riscv32-esp-elf/esp-15.2.0_20250929/riscv32-esp-elf/bin/../lib/gcc/riscv32-esp-elf/15.2.0/../../../../riscv32-esp-elf/include
End of search list.
Compiler executable checksum: 09ddc88a44abf5fb9baa6cd0b73192b5
COLLECT_GCC_OPTIONS='-march=rv32imafc_zicsr_zifencei_zaamo_zalrsc_zcb_zcmp_zcmt_xesploop_xespv' '-mabi=ilp32f' '-mno-cm-popret' '-mno-cm-push-reverse' '-mtune=esp-base' '-v' '-o' 'CMakeFiles/cmTC_81d18.dir/CMakeCXXCompilerABI.cpp.obj' '-c' '-misa-spec=20191213' '-march=rv32imafc_zicsr_zifencei_zmmul_zaamo_zalrsc_zca_zcb_zcf_zcmp_zcmt_xesploop_xespv' '-dumpdir' 'CMakeFiles/cmTC_81d18.dir/'
 /home/rpeters/.espressif/tools/riscv32-esp-elf/esp-15.2.0_20250929/riscv32-esp-elf/bin/../lib/gcc/riscv32-esp-elf/15.2.0/../../../../riscv32-esp-elf/bin/as -v --traditional-format -march=rv32imafc_zicsr_zifencei_zaamo_zalrsc_zcb_zcmp_zcmt_xesploop_xespv -march=rv32imafc_zicsr_zifencei_zmmul_zaamo_zalrsc_zca_zcb_zcf_zcmp_zcmt_xesploop_xespv -mabi=ilp32f -misa-spec=20191213 -o CMakeFiles/cmTC_81d18.dir/CMakeCXXCompilerABI.cpp.obj /tmp/ccRWefeM.s
GNU assembler version 2.45 (riscv32-esp-elf) using BFD version (crosstool-NG esp-15.2.0_20250929) 2.45
COMPILER_PATH=/home/rpeters/.espressif/tools/riscv32-esp-elf/esp-15.2.0_20250929/riscv32-esp-elf/bin/../libexec/gcc/riscv32-esp-elf/15.2.0/:/home/rpeters/.espressif/tools/riscv32-esp-elf/esp-15.2.0_20250929/riscv32-esp-elf/bin/../libexec/gcc/:/home/rpeters/.espressif/tools/riscv32-esp-elf/esp-15.2.0_20250929/riscv32-esp-elf/bin/../lib/gcc/riscv32-esp-elf/15.2.0/../../../../riscv32-esp-elf/bin/
LIBRARY_PATH=/home/rpeters/.espressif/tools/riscv32-esp-elf/esp-15.2.0_20250929/riscv32-esp-elf/bin/../lib/gcc/riscv32-esp-elf/15.2.0/rv32imafc_zicsr_zifencei_zaamo_zalrsc/ilp32f/:/home/rpeters/.espressif/tools/riscv32-esp-elf/esp-15.2.0_20250929/riscv32-esp-elf/bin/../lib/gcc/riscv32-esp-elf/15.2.0/../../../../riscv32-esp-elf/lib/rv32imafc_zicsr_zifencei_zaamo_zalrsc/ilp32f/:/home/rpeters/.espressif/tools/riscv32-esp-elf/esp-15.2.0_20250929/riscv32-esp-elf/bin/../riscv32-esp-elf/lib/rv32imafc_zicsr_zifencei_zaamo_zalrsc/ilp32f/:/home/rpeters/.espressif/tools/riscv32-esp-elf/esp-15.2.0_20250929/riscv32-esp-elf/bin/../lib/gcc/riscv32-esp-elf/15.2.0/:/home/rpeters/.espressif/tools/riscv32-esp-elf/esp-15.2.0_20250929/riscv32-esp-elf/bin/../lib/gcc/:/home/rpeters/.espressif/tools/riscv32-esp-elf/esp-15.2.0_20250929/riscv32-esp-elf/bin/../lib/gcc/riscv32-esp-elf/15.2.0/../../../../riscv32-esp-elf/lib/:/home/rpeters/.espressif/tools/riscv32-esp-elf/esp-15.2.0_20250929/riscv32-esp-elf/bin/../riscv32-esp-elf/lib/:/home/rpeters/.espressif/tools/riscv32-esp-elf/esp-15.2.0_20250929/riscv32-esp-elf/bin/../riscv32-esp-elf/usr/lib/
COLLECT_GCC_OPTIONS='-march=rv32imafc_zicsr_zifencei_zaamo_zalrsc_zcb_zcmp_zcmt_xesploop_xespv' '-mabi=ilp32f' '-mno-cm-popret' '-mno-cm-push-reverse' '-mtune=esp-base' '-v' '-o' 'CMakeFiles/cmTC_81d18.dir/CMakeCXXCompilerABI.cpp.obj' '-c' '-misa-spec=20191213' '-march=rv32imafc_zicsr_zifencei_zmmul_zaamo_zalrsc_zca_zcb_zcf_zcmp_zcmt_xesploop_xespv' '-dumpdir' 'CMakeFiles/cmTC_81d18.dir/CMakeCXXCompilerABI.cpp.'
Linking CXX executable cmTC_81d18
/usr/bin/cmake -E cmake_link_script CMakeFiles/cmTC_81d18.dir/link.txt --verbose=1
/home/rpeters/.espressif/tools/riscv32-esp-elf/esp-15.2.0_20250929/riscv32-esp-elf/bin/riscv32-esp-elf-g++ -march=rv32imafc_zicsr_zifencei_zaamo_zalrsc_zcb_zcmp_zcmt_xesploop_xespv  -mabi=ilp32f -mno-cm-popret -mno-cm-push-reverse -mtune=esp-base  -nostartfiles -march=rv32imafc_zicsr_zifencei_zaamo_zalrsc_zcb_zcmp_zcmt_xesploop_xespv  -mabi=ilp32f -mno-cm-popret -mno-cm-push-reverse -v CMakeFiles/cmTC_81d18.dir/CMakeCXXCompilerABI.cpp.obj -o cmTC_81d18 
Using built-in specs.
COLLECT_GCC=/home/rpeters/.espressif/tools/riscv32-esp-elf/esp-15.2.0_20250929/riscv32-esp-elf/bin/riscv32-esp-elf-g++
COLLECT_LTO_WRAPPER=/home/rpeters/.espressif/tools/riscv32-esp-elf/esp-15.2.0_20250929/riscv32-esp-elf/bin/../libexec/gcc/riscv32-esp-elf/15.2.0/lto-wrapper
Target: riscv32-esp-elf
Configured with: /builds/idf/crosstool-NG/.build/riscv32-esp-elf/src/gcc/configure --build=x86_64-build_pc-linux-gnu --host=x86_64-build_pc-linux-gnu --target=riscv32-esp-elf --prefix=/builds/idf/crosstool-NG/builds/riscv32-esp-elf --exec_prefix=/builds/idf/crosstool-NG/builds/riscv32-esp-elf --with-local-prefix=/builds/idf/crosstool-NG/builds/riscv32-esp-elf/riscv32-esp-elf --with-sysroot=/builds/idf/crosstool-NG/builds/riscv32-esp-elf/riscv32-esp-elf --with-native-system-header-dir=/include --with-headers=/builds/idf/crosstool-NG/builds/riscv32-esp-elf/riscv32-esp-elf/include --with-newlib --enable-threads=no --disable-shared --with-arch=rv32gc --with-abi=ilp32 --with-pkgversion='crosstool-NG esp-15.2.0_20250929' --disable-__cxa_atexit --enable-cxx-flags='-ffunction-sections -fdata-sections' --disable-libgomp --disable-libmudflap --disable-libmpx --disable-libssp --disable-libquadmath --disable-libquadmath-support --disable-libstdcxx-verbose --with-gmp=/builds/idf/crosstool-NG/.build/riscv32-esp-elf/buildtools --with-mpfr=/builds/idf/crosstool-NG/.build/riscv32-esp-elf/buildtools --with-mpc=/builds/idf/crosstool-NG/.build/riscv32-esp-elf/buildtools --with-isl=/builds/idf/crosstool-NG/.build/riscv32-esp-elf/buildtools --enable-lto --enable-target-optspace --without-long-double-128 --disable-plugin --disable-nls --enable-multiarch --enable-languages=c,c++ --disable-libstdcxx-verbose --enable-threads=posix --enable-libstdcxx-time=yes
Thread model: posix
Supported LTO compression algorithms: zlib zstd
gcc version 15.2.0 (crosstool-NG esp-15.2.0_20250929) 
COMPILER_PATH=/home/rpeters/.espressif/tools/riscv32-esp-elf/esp-15.2.0_20250929/riscv32-esp-elf/bin/../libexec/gcc/riscv32-esp-elf/15.2.0/:/home/rpeters/.espressif/tools/riscv32-esp-elf/esp-15.2.0_20250929/riscv32-esp-elf/bin/../libexec/gcc/:/home/rpeters/.espressif/tools/riscv32-esp-elf/esp-15.2.0_20250929/riscv32-esp-elf/bin/../lib/gcc/riscv32-esp-elf/15.2.0/../../../../riscv32-esp-elf/bin/
LIBRARY_PATH=/home/rpeters/.espressif/tools/riscv32-esp-elf/esp-15.2.0_20250929/riscv32-esp-elf/bin/../lib/gcc/riscv32-esp-elf/15.2.0/rv32imafc_zicsr_zifencei_zaamo_zalrsc/ilp32f/:/home/rpeters/.espressif/tools/riscv32-esp-elf/esp-15.2.0_20250929/riscv32-esp-elf/bin/../lib/gcc/riscv32-esp-elf/15.2.0/../../../../riscv32-esp-elf/lib/rv32imafc_zicsr_zifencei_zaamo_zalrsc/ilp32f/:/home/rpeters/.espressif/tools/riscv32-esp-elf/esp-15.2.0_20250929/riscv32-esp-elf/bin/../riscv32-esp-elf/lib/rv32imafc_zicsr_zifencei_zaamo_zalrsc/ilp32f/:/home/rpeters/.espressif/tools/riscv32-esp-elf/esp-15.2.0_20250929/riscv32-esp-elf/bin/../lib/gcc/riscv32-esp-elf/15.2.0/:/home/rpeters/.espressif/tools/riscv32-esp-elf/esp-15.2.0_20250929/riscv32-esp-elf/bin/../lib/gcc/:/home/rpeters/.espressif/tools/riscv32-esp-elf/esp-15.2.0_20250929/riscv32-esp-elf/bin/../lib/gcc/riscv32-esp-elf/15.2.0/../../../../riscv32-esp-elf/lib/:/home/rpeters/.espressif/tools/riscv32-esp-elf/esp-15.2.0_20250929/riscv32-esp-elf/bin/../riscv32-esp-elf/lib/:/home/rpeters/.espressif/tools/riscv32-esp-elf/esp-15.2.0_20250929/riscv32-esp-elf/bin/../riscv32-esp-elf/usr/lib/
COLLECT_GCC_OPTIONS='-mtune=esp-base' '-nostartfiles' '-march=rv32imafc_zicsr_zifencei_zaamo_zalrsc_zcb_zcmp_zcmt_xesploop_xespv' '-mabi=ilp32f' '-mno-cm-popret' '-mno-cm-push-reverse' '-v' '-o' 'cmTC_81d18' '-misa-spec=20191213' '-march=rv32imafc_zicsr_zifencei_zmmul_zaamo_zalrsc_zca_zcb_zcf_zcmp_zcmt_xesploop_xespv' '-dumpdir' 'cmTC_81d18.'
 /home/rpeters/.espressif/tools/riscv32-esp-elf/esp-15.2.0_20250929/riscv32-esp-elf/bin/../libexec/gcc/riscv32-esp-elf/15.2.0/collect2 -plugin /home/rpeters/.espressif/tools/riscv32-esp-elf/esp-15.2.0_20250929/riscv32-esp-elf/bin/../libexec/gcc/riscv32-esp-elf/15.2.0/liblto_plugin.so -plugin-opt=/home/rpeters/.espressif/tools/riscv32-esp-elf/esp-15.2.0_20250929/riscv32-esp-elf/bin/../libexec/gcc/riscv32-esp-elf/15.2.0/lto-wrapper -plugin-opt=-fresolution=/tmp/ccvsgRxS.res -plugin-opt=-pass-through=-lgcc -plugin-opt=-pass-through=-lc -plugin-opt=-pass-through=-lnosys -plugin-opt=-pass-through=-lc -plugin-opt=-pass-through=-lgcc --sysroot=/home/rpeters/.espressif/tools/riscv32-esp-elf/esp-15.2.0_20250929/riscv32-esp-elf/bin/../riscv32-esp-elf -melf32lriscv -X -o cmTC_81d18 -L/home/rpeters/.espressif/tools/riscv32-esp-elf/esp-15.2.0_20250929/riscv32-esp-elf/bin/../lib/gcc/riscv32-esp-elf/15.2.0/rv32imafc_zicsr_zifencei_zaamo_zalrsc/ilp32f -L/home/rpeters/.espressif/tools/riscv32-esp-elf/esp-15.2.0_20250929/riscv32-esp-elf/bin/../lib/gcc/riscv32-esp-elf/15.2.0/../../../../riscv32-esp-elf/lib/rv32imafc_zicsr_zifencei_zaamo_zalrsc/ilp32f -L/home/rpeters/.espressif/tools/riscv32-esp-elf/esp-15.2.0_20250929/riscv32-esp-elf/bin/../riscv32-esp-elf/lib/rv32imafc_zicsr_zifencei_zaamo_zalrsc/ilp32f -L/home/rpeters/.espressif/tools/riscv32-esp-elf/esp-15.2.0_20250929/riscv32-esp-elf/bin/../lib/gcc/riscv32-esp-elf/15.2.0 -L/home/rpeters/.espressif/tools/riscv32-esp-elf/esp-15.2.0_20250929/riscv32-esp-elf/bin/../lib/gcc -L/home/rpeters/.espressif/tools/riscv32-esp-elf/esp-15.2.0_20250929/riscv32-esp-elf/bin/../lib/gcc/riscv32-esp-elf/15.2.0/../../../../riscv32-esp-elf/lib -L/home/rpeters/.espressif/tools/riscv32-esp-elf/esp-15.2.0_20250929/riscv32-esp-elf/bin/../riscv32-esp-elf/lib -L/home/rpeters/.espressif/tools/riscv32-esp-elf/esp-15.2.0_20250929/riscv32-esp-elf/bin/../riscv32-esp-elf/usr/lib CMakeFiles/cmTC_81d18.dir/CMakeCXXCompilerABI.cpp.obj -lstdc++ -lm -lgcc -lc -lnosys -lc -lgcc
/home/rpeters/.espressif/tools/riscv32-esp-elf/esp-15.2.0_20250929/riscv32-esp-elf/bin/../lib/gcc/riscv32-esp-elf/15.2.0/../../../../riscv32-esp-elf/bin/ld: warning: cannot find entry symbol _start; defaulting to 00010094
COLLECT_GCC_OPTIONS='-mtune=esp-base' '-nostartfiles' '-march=rv32imafc_zicsr_zifencei_zaamo_zalrsc_zcb_zcmp_zcmt_xesploop_xespv' '-mabi=ilp32f' '-mno-cm-popret' '-mno-cm-push-reverse' '-v' '-o' 'cmTC_81d18' '-misa-spec=20191213' '-march=rv32imafc_zicsr_zifencei_zmmul_zaamo_zalrsc_zca_zcb_zcf_zcmp_zcmt_xesploop_xespv' '-dumpdir' 'cmTC_81d18.'
gmake[1]: Leaving directory '/home/rpeters/Dokumente/Development/Projects/SDK-IDF/esp-idf-pico-p4/CMakeFiles/CMakeScratch/TryCompile-iscGXE'



Parsed CXX implicit include dir info from above output: rv=done
  found start of include info
  found start of implicit include info
    add: [/home/rpeters/.espressif/tools/riscv32-esp-elf/esp-15.2.0_20250929/riscv32-esp-elf/bin/../lib/gcc/riscv32-esp-elf/15.2.0/../../../../riscv32-esp-elf/include/c++/15.2.0]
    add: [/home/rpeters/.espressif/tools/riscv32-esp-elf/esp-15.2.0_20250929/riscv32-esp-elf/bin/../lib/gcc/riscv32-esp-elf/15.2.0/../../../../riscv32-esp-elf/include/c++/15.2.0/riscv32-esp-elf/rv32imafc_zicsr_zifencei_zaamo_zalrsc/ilp32f]
    add: [/home/rpeters/.espressif/tools/riscv32-esp-elf/esp-15.2.0_20250929/riscv32-esp-elf/bin/../lib/gcc/riscv32-esp-elf/15.2.0/../../../../riscv32-esp-elf/include/c++/15.2.0/backward]
    add: [/home/rpeters/.espressif/tools/riscv32-esp-elf/esp-15.2.0_20250929/riscv32-esp-elf/bin/../lib/gcc/riscv32-esp-elf/15.2.0/include]
    add: [/home/rpeters/.espressif/tools/riscv32-esp-elf/esp-15.2.0_20250929/riscv32-esp-elf/bin/../lib/gcc/riscv32-esp-elf/15.2.0/include-fixed]
    add: [/home/rpeters/.espressif/tools/riscv32-esp-elf/esp-15.2.0_20250929/riscv32-esp-elf/bin/../lib/gcc/riscv32-esp-elf/15.2.0/../../../../riscv32-esp-elf/include]
  end of search list found
  collapse include dir [/home/rpeters/.espressif/tools/riscv32-esp-elf/esp-15.2.0_20250929/riscv32-esp-elf/bin/../lib/gcc/riscv32-esp-elf/15.2.0/../../../../riscv32-esp-elf/include/c++/15.2.0] ==> [/home/rpeters/.espressif/tools/riscv32-esp-elf/esp-15.2.0_20250929/riscv32-esp-elf/riscv32-esp-elf/include/c++/15.2.0]
  collapse include dir [/home/rpeters/.espressif/tools/riscv32-esp-elf/esp-15.2.0_20250929/riscv32-esp-elf/bin/../lib/gcc/riscv32-esp-elf/15.2.0/../../../../riscv32-esp-elf/include/c++/15.2.0/riscv32-esp-elf/rv32imafc_zicsr_zifencei_zaamo_zalrsc/ilp32f] ==> [/home/rpeters/.espressif/tools/riscv32-esp-elf/esp-15.2.0_20250929/riscv32-esp-elf/riscv32-esp-elf/include/c++/15.2.0/riscv32-esp-elf/rv32imafc_zicsr_zifencei_zaamo_zalrsc/ilp32f]
  collapse include dir [/home/rpeters/.espressif/tools/riscv32-esp-elf/esp-15.2.0_20250929/riscv32-esp-elf/bin/../lib/gcc/riscv32-esp-elf/15.2.0/../../../../riscv32-esp-elf/include/c++/15.2.0/backward] ==> [/home/rpeters/.espressif/tools/riscv32-esp-elf/esp-15.2.0_20250929/riscv32-esp-elf/riscv32-esp-elf/include/c++/15.2.0/backward]
  collapse include dir [/home/rpeters/.espressif/tools/riscv32-esp-elf/esp-15.2.0_20250929/riscv32-esp-elf/bin/../lib/gcc/riscv32-esp-elf/15.2.0/include] ==> [/home/rpeters/.espressif/tools/riscv32-esp-elf/esp-15.2.0_20250929/riscv32-esp-elf/lib/gcc/riscv32-esp-elf/15.2.0/include]
  collapse include dir [/home/rpeters/.espressif/tools/riscv32-esp-elf/esp-15.2.0_20250929/riscv32-esp-elf/bin/../lib/gcc/riscv32-esp-elf/15.2.0/include-fixed] ==> [/home/rpeters/.espressif/tools/riscv32-esp-elf/esp-15.2.0_20250929/riscv32-esp-elf/lib/gcc/riscv32-esp-elf/15.2.0/include-fixed]
  collapse include dir [/home/rpeters/.espressif/tools/riscv32-esp-elf/esp-15.2.0_20250929/riscv32-esp-elf/bin/../lib/gcc/riscv32-esp-elf/15.2.0/../../../../riscv32-esp-elf/include] ==> [/home/rpeters/.espressif/tools/riscv32-esp-elf/esp-15.2.0_20250929/riscv32-esp-elf/riscv32-esp-elf/include]
  implicit include dirs: [/home/rpeters/.espressif/tools/riscv32-esp-elf/esp-15.2.0_20250929/riscv32-esp-elf/riscv32-esp-elf/include/c++/15.2.0;/home/rpeters/.espressif/tools/riscv32-esp-elf/esp-15.2.0_20250929/riscv32-esp-elf/riscv32-esp-elf/include/c++/15.2.0/riscv32-esp-elf/rv32imafc_zicsr_zifencei_zaamo_zalrsc/ilp32f;/home/rpeters/.espressif/tools/riscv32-esp-elf/esp-15.2.0_20250929/riscv32-esp-elf/riscv32-esp-elf/include/c++/15.2.0/backward;/home/rpeters/.espressif/tools/riscv32-esp-elf/esp-15.2.0_20250929/riscv32-esp-elf/lib/gcc/riscv32-esp-elf/15.2.0/include;/home/rpeters/.espressif/tools/riscv32-esp-elf/esp-15.2.0_20250929/riscv32-esp-elf/lib/gcc/riscv32-esp-elf/15.2.0/include-fixed;/home/rpeters/.espressif/tools/riscv32-esp-elf/esp-15.2.0_20250929/riscv32-esp-elf/riscv32-esp-elf/include]


Parsed CXX implicit link information from above output:
  link line regex: [^( *|.*[/\])(riscv32-esp-elf-ld|CMAKE_LINK_STARTFILE-NOTFOUND|([^/\]+-)?ld|collect2)[^/\]*( |$)]
  ignore line: [Change Dir: /home/rpeters/Dokumente/Development/Projects/SDK-IDF/esp-idf-pico-p4/CMakeFiles/CMakeScratch/TryCompile-iscGXE]
  ignore line: []
  ignore line: [Run Build Command(s):/usr/bin/gmake -f Makefile cmTC_81d18/fast && /usr/bin/gmake  -f CMakeFiles/cmTC_81d18.dir/build.make CMakeFiles/cmTC_81d18.dir/build]
  ignore line: [gmake[1]: Entering directory '/home/rpeters/Dokumente/Development/Projects/SDK-IDF/esp-idf-pico-p4/CMakeFiles/CMakeScratch/TryCompile-iscGXE']
  ignore line: [Building CXX object CMakeFiles/cmTC_81d18.dir/CMakeCXXCompilerABI.cpp.obj]
  ignore line: [/home/rpeters/.espressif/tools/riscv32-esp-elf/esp-15.2.0_20250929/riscv32-esp-elf/bin/riscv32-esp-elf-g++   -march=rv32imafc_zicsr_zifencei_zaamo_zalrsc_zcb_zcmp_zcmt_xesploop_xespv  -mabi=ilp32f -mno-cm-popret -mno-cm-push-reverse -mtune=esp-base    -v -o CMakeFiles/cmTC_81d18.dir/CMakeCXXCompilerABI.cpp.obj -c /usr/share/cmake-3.25/Modules/CMakeCXXCompilerABI.cpp]
  ignore line: [Using built-in specs.]
  ignore line: [COLLECT_GCC=/home/rpeters/.espressif/tools/riscv32-esp-elf/esp-15.2.0_20250929/riscv32-esp-elf/bin/riscv32-esp-elf-g++]
  ignore line: [Target: riscv32-esp-elf]
  ignore line: [Configured with: /builds/idf/crosstool-NG/.build/riscv32-esp-elf/src/gcc/configure --build=x86_64-build_pc-linux-gnu --host=x86_64-build_pc-linux-gnu --target=riscv32-esp-elf --prefix=/builds/idf/crosstool-NG/builds/riscv32-esp-elf --exec_prefix=/builds/idf/crosstool-NG/builds/riscv32-esp-elf --with-local-prefix=/builds/idf/crosstool-NG/builds/riscv32-esp-elf/riscv32-esp-elf --with-sysroot=/builds/idf/crosstool-NG/builds/riscv32-esp-elf/riscv32-esp-elf --with-native-system-header-dir=/include --with-headers=/builds/idf/crosstool-NG/builds/riscv32-esp-elf/riscv32-esp-elf/include --with-newlib --enable-threads=no --disable-shared --with-arch=rv32gc --with-abi=ilp32 --with-pkgversion='crosstool-NG esp-15.2.0_20250929' --disable-__cxa_atexit --enable-cxx-flags='-ffunction-sections -fdata-sections' --disable-libgomp --disable-libmudflap --disable-libmpx --disable-libssp --disable-libquadmath --disable-libquadmath-support --disable-libstdcxx-verbose --with-gmp=/builds/idf/crosstool-NG/.build/riscv32-esp-elf/buildtools --with-mpfr=/builds/idf/crosstool-NG/.build/riscv32-esp-elf/buildtools --with-mpc=/builds/idf/crosstool-NG/.build/riscv32-esp-elf/buildtools --with-isl=/builds/idf/crosstool-NG/.build/riscv32-esp-elf/buildtools --enable-lto --enable-target-optspace --without-long-double-128 --disable-plugin --disable-nls --enable-multiarch --enable-languages=c c++ --disable-libstdcxx-verbose --enable-threads=posix --enable-libstdcxx-time=yes]
  ignore line: [Thread model: posix]
  ignore line: [Supported LTO compression algorithms: zlib zstd]
  ignore line: [gcc version 15.2.0 (crosstool-NG esp-15.2.0_20250929) ]
  ignore line: [COLLECT_GCC_OPTIONS='-march=rv32imafc_zicsr_zifencei_zaamo_zalrsc_zcb_zcmp_zcmt_xesploop_xespv' '-mabi=ilp32f' '-mno-cm-popret' '-mno-cm-push-reverse' '-mtune=esp-base' '-v' '-o' 'CMakeFiles/cmTC_81d18.dir/CMakeCXXCompilerABI.cpp.obj' '-c' '-misa-spec=20191213' '-march=rv32imafc_zicsr_zifencei_zmmul_zaamo_zalrsc_zca_zcb_zcf_zcmp_zcmt_xesploop_xespv' '-dumpdir' 'CMakeFiles/cmTC_81d18.dir/']
  ignore line: [ /home/rpeters/.espressif/tools/riscv32-esp-elf/esp-15.2.0_20250929/riscv32-esp-elf/bin/../libexec/gcc/riscv32-esp-elf/15.2.0/cc1plus -quiet -v -imultilib rv32imafc_zicsr_zifencei_zaamo_zalrsc/ilp32f -iprefix /home/rpeters/.espressif/tools/riscv32-esp-elf/esp-15.2.0_20250929/riscv32-esp-elf/bin/../lib/gcc/riscv32-esp-elf/15.2.0/ -isysroot /home/rpeters/.espressif/tools/riscv32-esp-elf/esp-15.2.0_20250929/riscv32-esp-elf/bin/../riscv32-esp-elf /usr/share/cmake-3.25/Modules/CMakeCXXCompilerABI.cpp -quiet -dumpdir CMakeFiles/cmTC_81d18.dir/ -dumpbase CMakeCXXCompilerABI.cpp.cpp -dumpbase-ext .cpp -march=rv32imafc_zicsr_zifencei_zaamo_zalrsc_zcb_zcmp_zcmt_xesploop_xespv -mabi=ilp32f -mno-cm-popret -mno-cm-push-reverse -mtune=esp-base -misa-spec=20191213 -march=rv32imafc_zicsr_zifencei_zmmul_zaamo_zalrsc_zca_zcb_zcf_zcmp_zcmt_xesploop_xespv -version -o /tmp/ccRWefeM.s]
  ignore line: [GNU C++17 (crosstool-NG esp-15.2.0_20250929) version 15.2.0 (riscv32-esp-elf)]
  ignore line: [	compiled by GNU C version 6.3.0  GMP version 6.3.0  MPFR version 4.2.1  MPC version 1.3.1  isl version isl-0.26-GMP]
  ignore line: []
  ignore line: [GGC heuristics: --param ggc-min-expand=100 --param ggc-min-heapsize=131072]
  ignore line: [ignoring duplicate directory "/home/rpeters/.espressif/tools/riscv32-esp-elf/esp-15.2.0_20250929/riscv32-esp-elf/bin/../lib/gcc/../../lib/gcc/riscv32-esp-elf/15.2.0/../../../../riscv32-esp-elf/include/c++/15.2.0"]
  ignore line: [ignoring duplicate directory "/home/rpeters/.espressif/tools/riscv32-esp-elf/esp-15.2.0_20250929/riscv32-esp-elf/bin/../lib/gcc/../../lib/gcc/riscv32-esp-elf/15.2.0/../../../../riscv32-esp-elf/include/c++/15.2.0/riscv32-esp-elf/rv32imafc_zicsr_zifencei_zaamo_zalrsc/ilp32f"]
  ignore line: [ignoring duplicate directory "/home/rpeters/.espressif/tools/riscv32-esp-elf/esp-15.2.0_20250929/riscv32-esp-elf/bin/../lib/gcc/../../lib/gcc/riscv32-esp-elf/15.2.0/../../../../riscv32-esp-elf/include/c++/15.2.0/backward"]
  ignore line: [ignoring duplicate directory "/home/rpeters/.espressif/tools/riscv32-esp-elf/esp-15.2.0_20250929/riscv32-esp-elf/bin/../lib/gcc/../../lib/gcc/riscv32-esp-elf/15.2.0/include"]
  ignore line: [ignoring nonexistent directory "/home/rpeters/.espressif/tools/riscv32-esp-elf/esp-15.2.0_20250929/riscv32-esp-elf/bin/../riscv32-esp-elf/builds/idf/crosstool-NG/builds/riscv32-esp-elf/riscv32-esp-elf/include"]
  ignore line: [ignoring duplicate directory "/home/rpeters/.espressif/tools/riscv32-esp-elf/esp-15.2.0_20250929/riscv32-esp-elf/bin/../lib/gcc/../../lib/gcc/riscv32-esp-elf/15.2.0/include-fixed"]
  ignore line: [ignoring duplicate directory "/home/rpeters/.espressif/tools/riscv32-esp-elf/esp-15.2.0_20250929/riscv32-esp-elf/bin/../lib/gcc/../../lib/gcc/riscv32-esp-elf/15.2.0/../../../../riscv32-esp-elf/include"]
  ignore line: [ignoring duplicate directory "/home/rpeters/.espressif/tools/riscv32-esp-elf/esp-15.2.0_20250929/riscv32-esp-elf/bin/../riscv32-esp-elf/include"]
  ignore line: [#include "..." search starts here:]
  ignore line: [#include <...> search starts here:]
  ignore line: [ /home/rpeters/.espressif/tools/riscv32-esp-elf/esp-15.2.0_20250929/riscv32-esp-elf/bin/../lib/gcc/riscv32-esp-elf/15.2.0/../../../../riscv32-esp-elf/include/c++/15.2.0]
  ignore line: [ /home/rpeters/.espressif/tools/riscv32-esp-elf/esp-15.2.0_20250929/riscv32-esp-elf/bin/../lib/gcc/riscv32-esp-elf/15.2.0/../../../../riscv32-esp-elf/include/c++/15.2.0/riscv32-esp-elf/rv32imafc_zicsr_zifencei_zaamo_zalrsc/ilp32f]
  ignore line: [ /home/rpeters/.espressif/tools/riscv32-esp-elf/esp-15.2.0_20250929/riscv32-esp-elf/bin/../lib/gcc/riscv32-esp-elf/15.2.0/../../../../riscv32-esp-elf/include/c++/15.2.0/backward]
  ignore line: [ /home/rpeters/.espressif/tools/riscv32-esp-elf/esp-15.2.0_20250929/riscv32-esp-elf/bin/../lib/gcc/riscv32-esp-elf/15.2.0/include]
  ignore line: [ /home/rpeters/.espressif/tools/riscv32-esp-elf/esp-15.2.0_20250929/riscv32-esp-elf/bin/../lib/gcc/riscv32-esp-elf/15.2.0/include-fixed]
  ignore line: [ /home/rpeters/.espressif/tools/riscv32-esp-elf/esp-15.2.0_20250929/riscv32-esp-elf/bin/../lib/gcc/riscv32-esp-elf/15.2.0/../../../../riscv32-esp-elf/include]
  ignore line: [End of search list.]
  ignore line: [Compiler executable checksum: 09ddc88a44abf5fb9baa6cd0b73192b5]
  ignore line: [COLLECT_GCC_OPTIONS='-march=rv32imafc_zicsr_zifencei_zaamo_zalrsc_zcb_zcmp_zcmt_xesploop_xespv' '-mabi=ilp32f' '-mno-cm-popret' '-mno-cm-push-reverse' '-mtune=esp-base' '-v' '-o' 'CMakeFiles/cmTC_81d18.dir/CMakeCXXCompilerABI.cpp.obj' '-c' '-misa-spec=20191213' '-march=rv32imafc_zicsr_zifencei_zmmul_zaamo_zalrsc_zca_zcb_zcf_zcmp_zcmt_xesploop_xespv' '-dumpdir' 'CMakeFiles/cmTC_81d18.dir/']
  ignore line: [ /home/rpeters/.espressif/tools/riscv32-esp-elf/esp-15.2.0_20250929/riscv32-esp-elf/bin/../lib/gcc/riscv32-esp-elf/15.2.0/../../../../riscv32-esp-elf/bin/as -v --traditional-format -march=rv32imafc_zicsr_zifencei_zaamo_zalrsc_zcb_zcmp_zcmt_xesploop_xespv -march=rv32imafc_zicsr_zifencei_zmmul_zaamo_zalrsc_zca_zcb_zcf_zcmp_zcmt_xesploop_xespv -mabi=ilp32f -misa-spec=20191213 -o CMakeFiles/cmTC_81d18.dir/CMakeCXXCompilerABI.cpp.obj /tmp/ccRWefeM.s]
  ignore line: [GNU assembler version 2.45 (riscv32-esp-elf) using BFD version (crosstool-NG esp-15.2.0_20250929) 2.45]
  ignore line: [COMPILER_PATH=/home/rpeters/.espressif/tools/riscv32-esp-elf/esp-15.2.0_20250929/riscv32-esp-elf/bin/../libexec/gcc/riscv32-esp-elf/15.2.0/:/home/rpeters/.espressif/tools/riscv32-esp-elf/esp-15.2.0_20250929/riscv32-esp-elf/bin/../libexec/gcc/:/home/rpeters/.espressif/tools/riscv32-esp-elf/esp-15.2.0_20250929/riscv32-esp-elf/bin/../lib/gcc/riscv32-esp-elf/15.2.0/../../../../riscv32-esp-elf/bin/]
  ignore line: [LIBRARY_PATH=/home/rpeters/.espressif/tools/riscv32-esp-elf/esp-15.2.0_20250929/riscv32-esp-elf/bin/../lib/gcc/riscv32-esp-elf/15.2.0/rv32imafc_zicsr_zifencei_zaamo_zalrsc/ilp32f/:/home/rpeters/.espressif/tools/riscv32-esp-elf/esp-15.2.0_20250929/riscv32-esp-elf/bin/../lib/gcc/riscv32-esp-elf/15.2.0/../../../../riscv32-esp-elf/lib/rv32imafc_zicsr_zifencei_zaamo_zalrsc/ilp32f/:/home/rpeters/.espressif/tools/riscv32-esp-elf/esp-15.2.0_20250929/riscv32-esp-elf/bin/../riscv32-esp-elf/lib/rv32imafc_zicsr_zifencei_zaamo_zalrsc/ilp32f/:/home/rpeters/.espressif/tools/riscv32-esp-elf/esp-15.2.0_20250929/riscv32-esp-elf/bin/../lib/gcc/riscv32-esp-elf/15.2.0/:/home/rpeters/.espressif/tools/riscv32-esp-elf/esp-15.2.0_20250929/riscv32-esp-elf/bin/../lib/gcc/:/home/rpeters/.espressif/tools/riscv32-esp-elf/esp-15.2.0_20250929/riscv32-esp-elf/bin/../lib/gcc/riscv32-esp-elf/15.2.0/../../../../riscv32-esp-elf/lib/:/home/rpeters/.espressif/tools/riscv32-esp-elf/esp-15.2.0_20250929/riscv32-esp-elf/bin/../riscv32-esp-elf/lib/:/home/rpeters/.espressif/tools/riscv32-esp-elf/esp-15.2.0_20250929/riscv32-esp-elf/bin/../riscv32-esp-elf/usr/lib/]
  ignore line: [COLLECT_GCC_OPTIONS='-march=rv32imafc_zicsr_zifencei_zaamo_zalrsc_zcb_zcmp_zcmt_xesploop_xespv' '-mabi=ilp32f' '-mno-cm-popret' '-mno-cm-push-reverse' '-mtune=esp-base' '-v' '-o' 'CMakeFiles/cmTC_81d18.dir/CMakeCXXCompilerABI.cpp.obj' '-c' '-misa-spec=20191213' '-march=rv32imafc_zicsr_zifencei_zmmul_zaamo_zalrsc_zca_zcb_zcf_zcmp_zcmt_xesploop_xespv' '-dumpdir' 'CMakeFiles/cmTC_81d18.dir/CMakeCXXCompilerABI.cpp.']
  ignore line: [Linking CXX executable cmTC_81d18]
  ignore line: [/usr/bin/cmake -E cmake_link_script CMakeFiles/cmTC_81d18.dir/link.txt --verbose=1]
  ignore line: [/home/rpeters/.espressif/tools/riscv32-esp-elf/esp-15.2.0_20250929/riscv32-esp-elf/bin/riscv32-esp-elf-g++ -march=rv32imafc_zicsr_zifencei_zaamo_zalrsc_zcb_zcmp_zcmt_xesploop_xespv  -mabi=ilp32f -mno-cm-popret -mno-cm-push-reverse -mtune=esp-base  -nostartfiles -march=rv32imafc_zicsr_zifencei_zaamo_zalrsc_zcb_zcmp_zcmt_xesploop_xespv  -mabi=ilp32f -mno-cm-popret -mno-cm-push-reverse -v CMakeFiles/cmTC_81d18.dir/CMakeCXXCompilerABI.cpp.obj -o cmTC_81d18 ]
  ignore line: [Using built-in specs.]
  ignore line: [COLLECT_GCC=/home/rpeters/.espressif/tools/riscv32-esp-elf/esp-15.2.0_20250929/riscv32-esp-elf/bin/riscv32-esp-elf-g++]
  ignore line: [COLLECT_LTO_WRAPPER=/home/rpeters/.espressif/tools/riscv32-esp-elf/esp-15.2.0_20250929/riscv32-esp-elf/bin/../libexec/gcc/riscv32-esp-elf/15.2.0/lto-wrapper]
  ignore line: [Target: riscv32-esp-elf]
  ignore line: [Configured with: /builds/idf/crosstool-NG/.build/riscv32-esp-elf/src/gcc/configure --build=x86_64-build_pc-linux-gnu --host=x86_64-build_pc-linux-gnu --target=riscv32-esp-elf --prefix=/builds/idf/crosstool-NG/builds/riscv32-esp-elf --exec_prefix=/builds/idf/crosstool-NG/builds/riscv32-esp-elf --with-local-prefix=/builds/idf/crosstool-NG/builds/riscv32-esp-elf/riscv32-esp-elf --with-sysroot=/builds/idf/crosstool-NG/builds/riscv32-esp-elf/riscv32-esp-elf --with-native-system-header-dir=/include --with-headers=/builds/idf/crosstool-NG/builds/riscv32-esp-elf/riscv32-esp-elf/include --with-newlib --enable-threads=no --disable-shared --with-arch=rv32gc --with-abi=ilp32 --with-pkgversion='crosstool-NG esp-15.2.0_20250929' --disable-__cxa_atexit --enable-cxx-flags='-ffunction-sections -fdata-sections' --disable-libgomp --disable-libmudflap --disable-libmpx --disable-libssp --disable-libquadmath --disable-libquadmath-support --disable-libstdcxx-verbose --with-gmp=/builds/idf/crosstool-NG/.build/riscv32-esp-elf/buildtools --with-mpfr=/builds/idf/crosstool-NG/.build/riscv32-esp-elf/buildtools --with-mpc=/builds/idf/crosstool-NG/.build/riscv32-esp-elf/buildtools --with-isl=/builds/idf/crosstool-NG/.build/riscv32-esp-elf/buildtools --enable-lto --enable-target-optspace --without-long-double-128 --disable-plugin --disable-nls --enable-multiarch --enable-languages=c c++ --disable-libstdcxx-verbose --enable-threads=posix --enable-libstdcxx-time=yes]
  ignore line: [Thread model: posix]
  ignore line: [Supported LTO compression algorithms: zlib zstd]
  ignore line: [gcc version 15.2.0 (crosstool-NG esp-15.2.0_20250929) ]
  ignore line: [COMPILER_PATH=/home/rpeters/.espressif/tools/riscv32-esp-elf/esp-15.2.0_20250929/riscv32-esp-elf/bin/../libexec/gcc/riscv32-esp-elf/15.2.0/:/home/rpeters/.espressif/tools/riscv32-esp-elf/esp-15.2.0_20250929/riscv32-esp-elf/bin/../libexec/gcc/:/home/rpeters/.espressif/tools/riscv32-esp-elf/esp-15.2.0_20250929/riscv32-esp-elf/bin/../lib/gcc/riscv32-esp-elf/15.2.0/../../../../riscv32-esp-elf/bin/]
  ignore line: [LIBRARY_PATH=/home/rpeters/.espressif/tools/riscv32-esp-elf/esp-15.2.0_20250929/riscv32-esp-elf/bin/../lib/gcc/riscv32-esp-elf/15.2.0/rv32imafc_zicsr_zifencei_zaamo_zalrsc/ilp32f/:/home/rpeters/.espressif/tools/riscv32-esp-elf/esp-15.2.0_20250929/riscv32-esp-elf/bin/../lib/gcc/riscv32-esp-elf/15.2.0/../../../../riscv32-esp-elf/lib/rv32imafc_zicsr_zifencei_zaamo_zalrsc/ilp32f/:/home/rpeters/.espressif/tools/riscv32-esp-elf/esp-15.2.0_20250929/riscv32-esp-elf/bin/../riscv32-esp-elf/lib/rv32imafc_zicsr_zifencei_zaamo_zalrsc/ilp32f/:/home/rpeters/.espressif/tools/riscv32-esp-elf/esp-15.2.0_20250929/riscv32-esp-elf/bin/../lib/gcc/riscv32-esp-elf/15.2.0/:/home/rpeters/.espressif/tools/riscv32-esp-elf/esp-15.2.0_20250929/riscv32-esp-elf/bin/../lib/gcc/:/home/rpeters/.espressif/tools/riscv32-esp-elf/esp-15.2.0_20250929/riscv32-esp-elf/bin/../lib/gcc/riscv32-esp-elf/15.2.0/../../../../riscv32-esp-elf/lib/:/home/rpeters/.espressif/tools/riscv32-esp-elf/esp-15.2.0_20250929/riscv32-esp-elf/bin/../riscv32-esp-elf/lib/:/home/rpeters/.espressif/tools/riscv32-esp-elf/esp-15.2.0_20250929/riscv32-esp-elf/bin/../riscv32-esp-elf/usr/lib/]
  ignore line: [COLLECT_GCC_OPTIONS='-mtune=esp-base' '-nostartfiles' '-march=rv32imafc_zicsr_zifencei_zaamo_zalrsc_zcb_zcmp_zcmt_xesploop_xespv' '-mabi=ilp32f' '-mno-cm-popret' '-mno-cm-push-reverse' '-v' '-o' 'cmTC_81d18' '-misa-spec=20191213' '-march=rv32imafc_zicsr_zifencei_zmmul_zaamo_zalrsc_zca_zcb_zcf_zcmp_zcmt_xesploop_xespv' '-dumpdir' 'cmTC_81d18.']
  link line: [ /home/rpeters/.espressif/tools/riscv32-esp-elf/esp-15.2.0_20250929/riscv32-esp-elf/bin/../libexec/gcc/riscv32-esp-elf/15.2.0/collect2 -plugin /home/rpeters/.espressif/tools/riscv32-esp-elf/esp-15.2.0_20250929/riscv32-esp-elf/bin/../libexec/gcc/riscv32-esp-elf/15.2.0/liblto_plugin.so -plugin-opt=/home/rpeters/.espressif/tools/riscv32-esp-elf/esp-15.2.0_20250929/riscv32-esp-elf/bin/../libexec/gcc/riscv32-esp-elf/15.2.0/lto-wrapper -plugin-opt=-fresolution=/tmp/ccvsgRxS.res -plugin-opt=-pass-through=-lgcc -plugin-opt=-pass-through=-lc -plugin-opt=-pass-through=-lnosys -plugin-opt=-pass-through=-lc -plugin-opt=-pass-through=-lgcc --sysroot=/home/rpeters/.espressif/tools/riscv32-esp-elf/esp-15.2.0_20250929/riscv32-esp-elf/bin/../riscv32-esp-elf -melf32lriscv -X -o cmTC_81d18 -L/home/rpeters/.espressif/tools/riscv32-esp-elf/esp-15.2.0_20250929/riscv32-esp-elf/bin/../lib/gcc/riscv32-esp-elf/15.2.0/rv32imafc_zicsr_zifencei_zaamo_zalrsc/ilp32f -L/home/rpeters/.espressif/tools/riscv32-esp-elf/esp-15.2.0_20250929/riscv32-esp-elf/bin/../lib/gcc/riscv32-esp-elf/15.2.0/../../../../riscv32-esp-elf/lib/rv32imafc_zicsr_zifencei_zaamo_zalrsc/ilp32f -L/home/rpeters/.espressif/tools/riscv32-esp-elf/esp-15.2.0_20250929/riscv32-esp-elf/bin/../riscv32-esp-elf/lib/rv32imafc_zicsr_zifencei_zaamo_zalrsc/ilp32f -L/home/rpeters/.espressif/tools/riscv32-esp-elf/esp-15.2.0_20250929/riscv32-esp-elf/bin/../lib/gcc/riscv32-esp-elf/15.2.0 -L/home/rpeters/.espressif/tools/riscv32-esp-elf/esp-15.2.0_20250929/riscv32-esp-elf/bin/../lib/gcc -L/home/rpeters/.espressif/tools/riscv32-esp-elf/esp-15.2.0_20250929/riscv32-esp-elf/bin/../lib/gcc/riscv32-esp-elf/15.2.0/../../../../riscv32-esp-elf/lib -L/home/rpeters/.espressif/tools/riscv32-esp-elf/esp-15.2.0_20250929/riscv32-esp-elf/bin/../riscv32-esp-elf/lib -L/home/rpeters/.espressif/tools/riscv32-esp-elf/esp-15.2.0_20250929/riscv32-esp-elf/bin/../riscv32-esp-elf/usr/lib CMakeFiles/cmTC_81d18.dir/CMakeCXXCompilerABI.cpp.obj -lstdc++ -lm -lgcc -lc -lnosys -lc -lgcc]
    arg [/home/rpeters/.espressif/tools/riscv32-esp-elf/esp-15.2.0_20250929/riscv32-esp-elf/bin/../libexec/gcc/riscv32-esp-elf/15.2.0/collect2] ==> ignore
    arg [-plugin] ==> ignore
    arg [/home/rpeters/.espressif/tools/riscv32-esp-elf/esp-15.2.0_20250929/riscv32-esp-elf/bin/../libexec/gcc/riscv32-esp-elf/15.2.0/liblto_plugin.so] ==> ignore
    arg [-plugin-opt=/home/rpeters/.espressif/tools/riscv32-esp-elf/esp-15.2.0_20250929/riscv32-esp-elf/bin/../libexec/gcc/riscv32-esp-elf/15.2.0/lto-wrapper] ==> ignore
    arg [-plugin-opt=-fresolution=/tmp/ccvsgRxS.res] ==> ignore
    arg [-plugin-opt=-pass-through=-lgcc] ==> ignore
    arg [-plugin-opt=-pass-through=-lc] ==> ignore
    arg [-plugin-opt=-pass-through=-lnosys] ==> ignore
    arg [-plugin-opt=-pass-through=-lc] ==> ignore
    arg [-plugin-opt=-pass-through=-lgcc] ==> ignore
    arg [--sysroot=/home/rpeters/.espressif/tools/riscv32-esp-elf/esp-15.2.0_20250929/riscv32-esp-elf/bin/../riscv32-esp-elf] ==> ignore
    arg [-melf32lriscv] ==> ignore
    arg [-X] ==> ignore
    arg [-o] ==> ignore
    arg [cmTC_81d18] ==> ignore
    arg [-L/home/rpeters/.espressif/tools/riscv32-esp-elf/esp-15.2.0_20250929/riscv32-esp-elf/bin/../lib/gcc/riscv32-esp-elf/15.2.0/rv32imafc_zicsr_zifencei_zaamo_zalrsc/ilp32f] ==> dir [/home/rpeters/.espressif/tools/riscv32-esp-elf/esp-15.2.0_20250929/riscv32-esp-elf/bin/../lib/gcc/riscv32-esp-elf/15.2.0/rv32imafc_zicsr_zifencei_zaamo_zalrsc/ilp32f]
    arg [-L/home/rpeters/.espressif/tools/riscv32-esp-elf/esp-15.2.0_20250929/riscv32-esp-elf/bin/../lib/gcc/riscv32-esp-elf/15.2.0/../../../../riscv32-esp-elf/lib/rv32imafc_zicsr_zifencei_zaamo_zalrsc/ilp32f] ==> dir [/home/rpeters/.espressif/tools/riscv32-esp-elf/esp-15.2.0_20250929/riscv32-esp-elf/bin/../lib/gcc/riscv32-esp-elf/15.2.0/../../../../riscv32-esp-elf/lib/rv32imafc_zicsr_zifencei_zaamo_zalrsc/ilp32f]
    arg [-L/home/rpeters/.espressif/tools/riscv32-esp-elf/esp-15.2.0_20250929/riscv32-esp-elf/bin/../riscv32-esp-elf/lib/rv32imafc_zicsr_zifencei_zaamo_zalrsc/ilp32f] ==> dir [/home/rpeters/.espressif/tools/riscv32-esp-elf/esp-15.2.0_20250929/riscv32-esp-elf/bin/../riscv32-esp-elf/lib/rv32imafc_zicsr_zifencei_zaamo_zalrsc/ilp32f]
    arg [-L/home/rpeters/.espressif/tools/riscv32-esp-elf/esp-15.2.0_20250929/riscv32-esp-elf/bin/../lib/gcc/riscv32-esp-elf/15.2.0] ==> dir [/home/rpeters/.espressif/tools/riscv32-esp-elf/esp-15.2.0_20250929/riscv32-esp-elf/bin/../lib/gcc/riscv32-esp-elf/15.2.0]
    arg [-L/home/rpeters/.espressif/tools/riscv32-esp-elf/esp-15.2.0_20250929/riscv32-esp-elf/bin/../lib/gcc] ==> dir [/home/rpeters/.espressif/tools/riscv32-esp-elf/esp-15.2.0_20250929/riscv32-esp-elf/bin/../lib/gcc]
    arg [-L/home/rpeters/.espressif/tools/riscv32-esp-elf/esp-15.2.0_20250929/riscv32-esp-elf/bin/../lib/gcc/riscv32-esp-elf/15.2.0/../../../../riscv32-esp-elf/lib] ==> dir [/home/rpeters/.espressif/tools/riscv32-esp-elf/esp-15.2.0_20250929/riscv32-esp-elf/bin/../lib/gcc/riscv32-esp-elf/15.2.0/../../../../riscv32-esp-elf/lib]
    arg [-L/home/rpeters/.espressif/tools/riscv32-esp-elf/esp-15.2.0_20250929/riscv32-esp-elf/bin/../riscv32-esp-elf/lib] ==> dir [/home/rpeters/.espressif/tools/riscv32-esp-elf/esp-15.2.0_20250929/riscv32-esp-elf/bin/../riscv32-esp-elf/lib]
    arg [-L/home/rpeters/.espressif/tools/riscv32-esp-elf/esp-15.2.0_20250929/riscv32-esp-elf/bin/../riscv32-esp-elf/usr/lib] ==> dir [/home/rpeters/.espressif/tools/riscv32-esp-elf/esp-15.2.0_20250929/riscv32-esp-elf/bin/../riscv32-esp-elf/usr/lib]
    arg [CMakeFiles/cmTC_81d18.dir/CMakeCXXCompilerABI.cpp.obj] ==> ignore
    arg [-lstdc++] ==> lib [stdc++]
    arg [-lm] ==> lib [m]
    arg [-lgcc] ==> lib [gcc]
    arg [-lc] ==> lib [c]
    arg [-lnosys] ==> lib [nosys]
    arg [-lc] ==> lib [c]
    arg [-lgcc] ==> lib [gcc]
  collapse library dir [/home/rpeters/.espressif/tools/riscv32-esp-elf/esp-15.2.0_20250929/riscv32-esp-elf/bin/../lib/gcc/riscv32-esp-elf/15.2.0/rv32imafc_zicsr_zifencei_zaamo_zalrsc/ilp32f] ==> [/home/rpeters/.espressif/tools/riscv32-esp-elf/esp-15.2.0_20250929/riscv32-esp-elf/lib/gcc/riscv32-esp-elf/15.2.0/rv32imafc_zicsr_zifencei_zaamo_zalrsc/ilp32f]
  collapse library dir [/home/rpeters/.espressif/tools/riscv32-esp-elf/esp-15.2.0_20250929/riscv32-esp-elf/bin/../lib/gcc/riscv32-esp-elf/15.2.0/../../../../riscv32-esp-elf/lib/rv32imafc_zicsr_zifencei_zaamo_zalrsc/ilp32f] ==> [/home/rpeters/.espressif/tools/riscv32-esp-elf/esp-15.2.0_20250929/riscv32-esp-elf/riscv32-esp-elf/lib/rv32imafc_zicsr_zifencei_zaamo_zalrsc/ilp32f]
  collapse library dir [/home/rpeters/.espressif/tools/riscv32-esp-elf/esp-15.2.0_20250929/riscv32-esp-elf/bin/../riscv32-esp-elf/lib/rv32imafc_zicsr_zifencei_zaamo_zalrsc/ilp32f] ==> [/home/rpeters/.espressif/tools/riscv32-esp-elf/esp-15.2.0_20250929/riscv32-esp-elf/riscv32-esp-elf/lib/rv32imafc_zicsr_zifencei_zaamo_zalrsc/ilp32f]
  collapse library dir [/home/rpeters/.espressif/tools/riscv32-esp-elf/esp-15.2.0_20250929/riscv32-esp-elf/bin/../lib/gcc/riscv32-esp-elf/15.2.0] ==> [/home/rpeters/.espressif/tools/riscv32-esp-elf/esp-15.2.0_20250929/riscv32-esp-elf/lib/gcc/riscv32-esp-elf/15.2.0]
  collapse library dir [/home/rpeters/.espressif/tools/riscv32-esp-elf/esp-15.2.0_20250929/riscv32-esp-elf/bin/../lib/gcc] ==> [/home/rpeters/.espressif/tools/riscv32-esp-elf/esp-15.2.0_20250929/riscv32-esp-elf/lib/gcc]
  collapse library dir [/home/rpeters/.espressif/tools/riscv32-esp-elf/esp-15.2.0_20250929/riscv32-esp-elf/bin/../lib/gcc/riscv32-esp-elf/15.2.0/../../../../riscv32-esp-elf/lib] ==> [/home/rpeters/.espressif/tools/riscv32-esp-elf/esp-15.2.0_20250929/riscv32-esp-elf/riscv32-esp-elf/lib]
  collapse library dir [/home/rpeters/.espressif/tools/riscv32-esp-elf/esp-15.2.0_20250929/riscv32-esp-elf/bin/../riscv32-esp-elf/lib] ==> [/home/rpeters/.espressif/tools/riscv32-esp-elf/esp-15.2.0_20250929/riscv32-esp-elf/riscv32-esp-elf/lib]
  collapse library dir [/home/rpeters/.espressif/tools/riscv32-esp-elf/esp-15.2.0_20250929/riscv32-esp-elf/bin/../riscv32-esp-elf/usr/lib] ==> [/home/rpeters/.espressif/tools/riscv32-esp-elf/esp-15.2.0_20250929/riscv32-esp-elf/riscv32-esp-elf/usr/lib]
  implicit libs: [stdc++;m;gcc;c;nosys;c;gcc]
  implicit objs: []
  implicit dirs: [/home/rpeters/.espressif/tools/riscv32-esp-elf/esp-15.2.0_20250929/riscv32-esp-elf/lib/gcc/riscv32-esp-elf/15.2.0/rv32imafc_zicsr_zifencei_zaamo_zalrsc/ilp32f;/home/rpeters/.espressif/tools/riscv32-esp-elf/esp-15.2.0_20250929/riscv32-esp-elf/riscv32-esp-elf/lib/rv32imafc_zicsr_zifencei_zaamo_zalrsc/ilp32f;/home/rpeters/.espressif/tools/riscv32-esp-elf/esp-15.2.0_20250929/riscv32-esp-elf/lib/gcc/riscv32-esp-elf/15.2.0;/home/rpeters/.espressif/tools/riscv32-esp-elf/esp-15.2.0_20250929/riscv32-esp-elf/lib/gcc;/home/rpeters/.espressif/tools/riscv32-esp-elf/esp-15.2.0_20250929/riscv32-esp-elf/riscv32-esp-elf/lib;/home/rpeters/.espressif/tools/riscv32-esp-elf/esp-15.2.0_20250929/riscv32-esp-elf/riscv32-esp-elf/usr/lib]
  implicit fwks: []


